milliseconds;time;error;message

[1469912180882] [Sat, 30 Jul 2016 20:56:20 GMT] [0] [Listening on port 8080]
[1469912258669] [Sat, 30 Jul 2016 20:57:38 GMT] [0] [Listening on port 8080]
[1469915189012] [Sat, 30 Jul 2016 21:46:29 GMT] [0] [Listening on port 8080]
[1469916348978] [Sat, 30 Jul 2016 22:05:48 GMT] [0] [Listening on port 8080]
[1469930513423] [Sun, 31 Jul 2016 02:01:53 GMT] [0] [browserification complete]
[1469930513483] [Sun, 31 Jul 2016 02:01:53 GMT] [0] [browserification complete]
[1469930513549] [Sun, 31 Jul 2016 02:01:53 GMT] [0] [browserification complete]
[1469930513561] [Sun, 31 Jul 2016 02:01:53 GMT] [0] [browserification complete]
[1469930513717] [Sun, 31 Jul 2016 02:01:53 GMT] [0] [browserification complete]
[1469930513876] [Sun, 31 Jul 2016 02:01:53 GMT] [0] [browserification complete]
[1469930513905] [Sun, 31 Jul 2016 02:01:53 GMT] [0] [browserification complete]
[1469930701885] [Sun, 31 Jul 2016 02:05:01 GMT] [0] [browserification complete]
[1469931034878] [Sun, 31 Jul 2016 02:10:34 GMT] [0] [browserification complete]
[1469931284346] [Sun, 31 Jul 2016 02:14:44 GMT] [0] [browserification complete]
[1469931284384] [Sun, 31 Jul 2016 02:14:44 GMT] [0] [browserification complete]
[1469931640916] [Sun, 31 Jul 2016 02:20:40 GMT] [0] [browserification complete]
[1469931695933] [Sun, 31 Jul 2016 02:21:35 GMT] [0] [browserification complete]
[1469931742916] [Sun, 31 Jul 2016 02:22:22 GMT] [0] [browserification complete]
[1469931819384] [Sun, 31 Jul 2016 02:23:39 GMT] [0] [browserification complete]
[1469931819434] [Sun, 31 Jul 2016 02:23:39 GMT] [0] [browserification complete]
[1469933231425] [Sun, 31 Jul 2016 02:47:11 GMT] [0] [browserification complete]
[1469933231440] [Sun, 31 Jul 2016 02:47:11 GMT] [0] [browserification complete]
[1469933235347] [Sun, 31 Jul 2016 02:47:15 GMT] [0] [browserification complete]
[1469933417646] [Sun, 31 Jul 2016 02:50:17 GMT] [0] [browserification complete]
[1469933449151] [Sun, 31 Jul 2016 02:50:49 GMT] [0] [browserification complete]
[1469933491691] [Sun, 31 Jul 2016 02:51:31 GMT] [0] [browserification complete]
[1469934014000] [Sun, 31 Jul 2016 03:00:14 GMT] [0] [browserification complete]
[1469934072972] [Sun, 31 Jul 2016 03:01:12 GMT] [0] [browserification complete]
[1469934499624] [Sun, 31 Jul 2016 03:08:19 GMT] [0] [browserification complete]
[1469934746743] [Sun, 31 Jul 2016 03:12:26 GMT] [0] [browserification complete]
[1469934746925] [Sun, 31 Jul 2016 03:12:26 GMT] [0] [browserification complete]
[1469934746928] [Sun, 31 Jul 2016 03:12:26 GMT] [0] [browserification complete]
[1469934853944] [Sun, 31 Jul 2016 03:14:13 GMT] [0] [browserification complete]
[1469934854066] [Sun, 31 Jul 2016 03:14:14 GMT] [0] [browserification complete]
[1469934854158] [Sun, 31 Jul 2016 03:14:14 GMT] [0] [browserification complete]
[1469934863508] [Sun, 31 Jul 2016 03:14:23 GMT] [0] [browserification complete]
[1469934863925] [Sun, 31 Jul 2016 03:14:23 GMT] [0] [browserification complete]
[1469934864362] [Sun, 31 Jul 2016 03:14:24 GMT] [0] [browserification complete]
[1469934864648] [Sun, 31 Jul 2016 03:14:24 GMT] [0] [browserification complete]
[1469934865030] [Sun, 31 Jul 2016 03:14:25 GMT] [0] [browserification complete]
[1469934865478] [Sun, 31 Jul 2016 03:14:25 GMT] [0] [browserification complete]
[1469934865910] [Sun, 31 Jul 2016 03:14:25 GMT] [0] [browserification complete]
[1469934866109] [Sun, 31 Jul 2016 03:14:26 GMT] [0] [browserification complete]
[1469934866205] [Sun, 31 Jul 2016 03:14:26 GMT] [0] [browserification complete]
[1469934983892] [Sun, 31 Jul 2016 03:16:23 GMT] [0] [browserification complete]
[1469934983933] [Sun, 31 Jul 2016 03:16:23 GMT] [0] [browserification complete]
[1469935781746] [Sun, 31 Jul 2016 03:29:41 GMT] [0] [browserification complete]
[1469936036548] [Sun, 31 Jul 2016 03:33:56 GMT] [0] [Listening on port 8080]
[1469936499301] [Sun, 31 Jul 2016 03:41:39 GMT] [0] [Listening on port 8080]
[1469936647966] [Sun, 31 Jul 2016 03:44:07 GMT] [0] [browserification complete]
[1469936647970] [Sun, 31 Jul 2016 03:44:07 GMT] [0] [browserification complete]
[1469936664412] [Sun, 31 Jul 2016 03:44:24 GMT] [0] [browserification complete]
[1469936664553] [Sun, 31 Jul 2016 03:44:24 GMT] [0] [browserification complete]
[1469936664553] [Sun, 31 Jul 2016 03:44:24 GMT] [0] [browserification complete]
[1469936664554] [Sun, 31 Jul 2016 03:44:24 GMT] [0] [browserification complete]
[1469936664753] [Sun, 31 Jul 2016 03:44:24 GMT] [0] [browserification complete]
[1469936664756] [Sun, 31 Jul 2016 03:44:24 GMT] [0] [browserification complete]
[1469936665112] [Sun, 31 Jul 2016 03:44:25 GMT] [0] [browserification complete]
[1469936674706] [Sun, 31 Jul 2016 03:44:34 GMT] [0] [Listening on port 8080]
[1469936811333] [Sun, 31 Jul 2016 03:46:51 GMT] [0] [browserification complete]
[1469936811334] [Sun, 31 Jul 2016 03:46:51 GMT] [0] [browserification complete]
[1469936877472] [Sun, 31 Jul 2016 03:47:57 GMT] [0] [browserification complete]
[1469936878807] [Sun, 31 Jul 2016 03:47:58 GMT] [0] [browserification complete]
[1469936878990] [Sun, 31 Jul 2016 03:47:58 GMT] [0] [browserification complete]
[1469936879203] [Sun, 31 Jul 2016 03:47:59 GMT] [0] [browserification complete]
[1469936879254] [Sun, 31 Jul 2016 03:47:59 GMT] [0] [browserification complete]
[1469936879297] [Sun, 31 Jul 2016 03:47:59 GMT] [0] [browserification complete]
[1469936879206] [Sun, 31 Jul 2016 03:47:59 GMT] [0] [browserification complete]
[1469936880616] [Sun, 31 Jul 2016 03:48:00 GMT] [0] [browserification complete]
[1469936880785] [Sun, 31 Jul 2016 03:48:00 GMT] [0] [browserification complete]
[1469937247965] [Sun, 31 Jul 2016 03:54:07 GMT] [0] [browserification complete]
[1469937247965] [Sun, 31 Jul 2016 03:54:07 GMT] [0] [browserification complete]
[1469937247965] [Sun, 31 Jul 2016 03:54:07 GMT] [0] [browserification complete]
[1469937247966] [Sun, 31 Jul 2016 03:54:07 GMT] [0] [browserification complete]
[1469937247966] [Sun, 31 Jul 2016 03:54:07 GMT] [0] [browserification complete]
[1469937247966] [Sun, 31 Jul 2016 03:54:07 GMT] [0] [browserification complete]
[1469937247966] [Sun, 31 Jul 2016 03:54:07 GMT] [0] [browserification complete]
[1469937247966] [Sun, 31 Jul 2016 03:54:07 GMT] [0] [browserification complete]
[1469937247966] [Sun, 31 Jul 2016 03:54:07 GMT] [0] [browserification complete]
[1469937263391] [Sun, 31 Jul 2016 03:54:23 GMT] [0] [browserification complete]
[1469937263391] [Sun, 31 Jul 2016 03:54:23 GMT] [0] [browserification complete]
[1469937272767] [Sun, 31 Jul 2016 03:54:32 GMT] [0] [Listening on port 8080]
[1469937314415] [Sun, 31 Jul 2016 03:55:14 GMT] [0] [browserification complete]
[1469937314505] [Sun, 31 Jul 2016 03:55:14 GMT] [0] [browserification complete]
[1469937318779] [Sun, 31 Jul 2016 03:55:18 GMT] [0] [Listening on port 8080]
[1469937332577] [Sun, 31 Jul 2016 03:55:32 GMT] [0] [browserification complete]
[1469937332577] [Sun, 31 Jul 2016 03:55:32 GMT] [0] [browserification complete]
[1469937335000] [Sun, 31 Jul 2016 03:55:35 GMT] [0] [Listening on port 8080]
[1469937348530] [Sun, 31 Jul 2016 03:55:48 GMT] [0] [browserification complete]
[1469937348530] [Sun, 31 Jul 2016 03:55:48 GMT] [0] [browserification complete]
[1469937348530] [Sun, 31 Jul 2016 03:55:48 GMT] [0] [browserification complete]
[1469937364435] [Sun, 31 Jul 2016 03:56:04 GMT] [0] [Listening on port 8080]
[1469937408096] [Sun, 31 Jul 2016 03:56:48 GMT] [0] [browserification complete]
[1469937408097] [Sun, 31 Jul 2016 03:56:48 GMT] [0] [browserification complete]
[1469937408202] [Sun, 31 Jul 2016 03:56:48 GMT] [0] [browserification complete]
[1469937409629] [Sun, 31 Jul 2016 03:56:49 GMT] [0] [Listening on port 8080]
[1469937457209] [Sun, 31 Jul 2016 03:57:37 GMT] [0] [browserification complete]
[1469937457214] [Sun, 31 Jul 2016 03:57:37 GMT] [0] [browserification complete]
[1469937457270] [Sun, 31 Jul 2016 03:57:37 GMT] [0] [browserification complete]
[1469937458779] [Sun, 31 Jul 2016 03:57:38 GMT] [0] [Listening on port 8080]
[1469937497552] [Sun, 31 Jul 2016 03:58:17 GMT] [0] [browserification complete]
[1469937497552] [Sun, 31 Jul 2016 03:58:17 GMT] [0] [browserification complete]
[1469937497666] [Sun, 31 Jul 2016 03:58:17 GMT] [0] [browserification complete]
[1469937498551] [Sun, 31 Jul 2016 03:58:18 GMT] [0] [Listening on port 8080]
[1469937528785] [Sun, 31 Jul 2016 03:58:48 GMT] [0] [browserification complete]
[1469937528801] [Sun, 31 Jul 2016 03:58:48 GMT] [0] [browserification complete]
[1469937528808] [Sun, 31 Jul 2016 03:58:48 GMT] [0] [browserification complete]
[1469937528926] [Sun, 31 Jul 2016 03:58:48 GMT] [0] [browserification complete]
[1469937528931] [Sun, 31 Jul 2016 03:58:48 GMT] [0] [browserification complete]
[1469937528931] [Sun, 31 Jul 2016 03:58:48 GMT] [0] [browserification complete]
[1469937528931] [Sun, 31 Jul 2016 03:58:48 GMT] [0] [browserification complete]
[1469937529471] [Sun, 31 Jul 2016 03:58:49 GMT] [0] [browserification complete]
[1469937529471] [Sun, 31 Jul 2016 03:58:49 GMT] [0] [browserification complete]
[1469937531829] [Sun, 31 Jul 2016 03:58:51 GMT] [0] [Listening on port 8080]
[1469937586775] [Sun, 31 Jul 2016 03:59:46 GMT] [0] [browserification complete]
[1469937586883] [Sun, 31 Jul 2016 03:59:46 GMT] [0] [browserification complete]
[1469937588122] [Sun, 31 Jul 2016 03:59:48 GMT] [0] [Listening on port 8080]
[1469937619479] [Sun, 31 Jul 2016 04:00:19 GMT] [0] [browserification complete]
[1469937622191] [Sun, 31 Jul 2016 04:00:22 GMT] [0] [Listening on port 8080]
[1469937703829] [Sun, 31 Jul 2016 04:01:43 GMT] [0] [browserification complete]
[1469937703829] [Sun, 31 Jul 2016 04:01:43 GMT] [0] [browserification complete]
[1469937760984] [Sun, 31 Jul 2016 04:02:40 GMT] [0] [browserification complete]
[1469937761085] [Sun, 31 Jul 2016 04:02:41 GMT] [0] [browserification complete]
[1469937765099] [Sun, 31 Jul 2016 04:02:45 GMT] [0] [Listening on port 8080]
[1469937786940] [Sun, 31 Jul 2016 04:03:06 GMT] [0] [browserification complete]
[1469937788240] [Sun, 31 Jul 2016 04:03:08 GMT] [0] [Listening on port 8080]
[1469937807311] [Sun, 31 Jul 2016 04:03:27 GMT] [0] [browserification complete]
[1469937807311] [Sun, 31 Jul 2016 04:03:27 GMT] [0] [browserification complete]
[1469937845784] [Sun, 31 Jul 2016 04:04:05 GMT] [0] [browserification complete]
[1469937845796] [Sun, 31 Jul 2016 04:04:05 GMT] [0] [browserification complete]
[1469937901999] [Sun, 31 Jul 2016 04:05:01 GMT] [0] [browserification complete]
[1469937904522] [Sun, 31 Jul 2016 04:05:04 GMT] [0] [browserification complete]
[1469937905094] [Sun, 31 Jul 2016 04:05:05 GMT] [0] [Listening on port 8080]
[1469937974120] [Sun, 31 Jul 2016 04:06:14 GMT] [0] [browserification complete]
[1469938025973] [Sun, 31 Jul 2016 04:07:05 GMT] [0] [browserification complete]
[1469938031296] [Sun, 31 Jul 2016 04:07:11 GMT] [0] [browserification complete]
[1469938031368] [Sun, 31 Jul 2016 04:07:11 GMT] [0] [browserification complete]
[1469938082217] [Sun, 31 Jul 2016 04:08:02 GMT] [0] [browserification complete]
[1469938082218] [Sun, 31 Jul 2016 04:08:02 GMT] [0] [browserification complete]
[1469938149936] [Sun, 31 Jul 2016 04:09:09 GMT] [0] [browserification complete]
[1469938149940] [Sun, 31 Jul 2016 04:09:09 GMT] [0] [browserification complete]
[1469938160846] [Sun, 31 Jul 2016 04:09:20 GMT] [0] [browserification complete]
[1469938160845] [Sun, 31 Jul 2016 04:09:20 GMT] [0] [browserification complete]
[1469938160847] [Sun, 31 Jul 2016 04:09:20 GMT] [0] [browserification complete]
[1469938196835] [Sun, 31 Jul 2016 04:09:56 GMT] [0] [Listening on port 8080]
[1469938197622] [Sun, 31 Jul 2016 04:09:57 GMT] [0] [browserification complete]
[1469938197622] [Sun, 31 Jul 2016 04:09:57 GMT] [0] [browserification complete]
[1469938228492] [Sun, 31 Jul 2016 04:10:28 GMT] [0] [browserification complete]
[1469938228579] [Sun, 31 Jul 2016 04:10:28 GMT] [0] [browserification complete]
[1469938277408] [Sun, 31 Jul 2016 04:11:17 GMT] [0] [browserification complete]
[1469938279899] [Sun, 31 Jul 2016 04:11:19 GMT] [0] [Listening on port 8080]
[1469938313042] [Sun, 31 Jul 2016 04:11:53 GMT] [0] [browserification complete]
[1469938321336] [Sun, 31 Jul 2016 04:12:01 GMT] [0] [browserification complete]
[1469938321336] [Sun, 31 Jul 2016 04:12:01 GMT] [0] [browserification complete]
[1469938322141] [Sun, 31 Jul 2016 04:12:02 GMT] [0] [Listening on port 8080]
[1469938388414] [Sun, 31 Jul 2016 04:13:08 GMT] [0] [Listening on port 8080]
[1469938391395] [Sun, 31 Jul 2016 04:13:11 GMT] [0] [browserification complete]
[1469938391395] [Sun, 31 Jul 2016 04:13:11 GMT] [0] [browserification complete]
[1469938451802] [Sun, 31 Jul 2016 04:14:11 GMT] [0] [browserification complete]
[1469938452031] [Sun, 31 Jul 2016 04:14:12 GMT] [0] [browserification complete]
[1469938529780] [Sun, 31 Jul 2016 04:15:29 GMT] [0] [browserification complete]
[1469938531377] [Sun, 31 Jul 2016 04:15:31 GMT] [0] [Listening on port 8080]
[1469938546394] [Sun, 31 Jul 2016 04:15:46 GMT] [0] [browserification complete]
[1469938549693] [Sun, 31 Jul 2016 04:15:49 GMT] [0] [browserification complete]
[1469938566460] [Sun, 31 Jul 2016 04:16:06 GMT] [0] [Listening on port 8080]
[1469939637722] [Sun, 31 Jul 2016 04:33:57 GMT] [0] [browserification complete]
[1469939652640] [Sun, 31 Jul 2016 04:34:12 GMT] [0] [browserification complete]
[1469939652640] [Sun, 31 Jul 2016 04:34:12 GMT] [0] [browserification complete]
[1469939703218] [Sun, 31 Jul 2016 04:35:03 GMT] [0] [browserification complete]
[1469939703653] [Sun, 31 Jul 2016 04:35:03 GMT] [0] [browserification complete]
[1469939705687] [Sun, 31 Jul 2016 04:35:05 GMT] [0] [Listening on port 8080]
[1469939815567] [Sun, 31 Jul 2016 04:36:55 GMT] [0] [Listening on port 8080]
[1469939816891] [Sun, 31 Jul 2016 04:36:56 GMT] [0] [browserification complete]
[1469939816897] [Sun, 31 Jul 2016 04:36:56 GMT] [0] [browserification complete]
[1469940169219] [Sun, 31 Jul 2016 04:42:49 GMT] [0] [browserification complete]
[1469940169325] [Sun, 31 Jul 2016 04:42:49 GMT] [0] [browserification complete]
[1469940182830] [Sun, 31 Jul 2016 04:43:02 GMT] [0] [Listening on port 8080]
[1469940183255] [Sun, 31 Jul 2016 04:43:03 GMT] [0] [browserification complete]
[1469940183258] [Sun, 31 Jul 2016 04:43:03 GMT] [0] [browserification complete]
[1469940230040] [Sun, 31 Jul 2016 04:43:50 GMT] [0] [Listening on port 8080]
[1469940231463] [Sun, 31 Jul 2016 04:43:51 GMT] [0] [browserification complete]
[1469940256208] [Sun, 31 Jul 2016 04:44:16 GMT] [0] [browserification complete]
[1469940270452] [Sun, 31 Jul 2016 04:44:30 GMT] [0] [Listening on port 8080]
[1469940304819] [Sun, 31 Jul 2016 04:45:04 GMT] [0] [browserification complete]
[1469940330891] [Sun, 31 Jul 2016 04:45:30 GMT] [0] [browserification complete]
[1469940332726] [Sun, 31 Jul 2016 04:45:32 GMT] [0] [Listening on port 8080]
[1469940355879] [Sun, 31 Jul 2016 04:45:55 GMT] [0] [browserification complete]
[1469940365290] [Sun, 31 Jul 2016 04:46:05 GMT] [0] [Listening on port 8080]
[1469940365739] [Sun, 31 Jul 2016 04:46:05 GMT] [0] [browserification complete]
[1469940365745] [Sun, 31 Jul 2016 04:46:05 GMT] [0] [browserification complete]
[1469940389905] [Sun, 31 Jul 2016 04:46:29 GMT] [0] [Listening on port 8080]
[1469940408463] [Sun, 31 Jul 2016 04:46:48 GMT] [0] [Listening on port 8080]
[1469940409746] [Sun, 31 Jul 2016 04:46:49 GMT] [0] [browserification complete]
[1469940543776] [Sun, 31 Jul 2016 04:49:03 GMT] [0] [browserification complete]
[1469940568931] [Sun, 31 Jul 2016 04:49:28 GMT] [0] [Listening on port 8080]
[1469940654259] [Sun, 31 Jul 2016 04:50:54 GMT] [0] [browserification complete]
[1469940654263] [Sun, 31 Jul 2016 04:50:54 GMT] [0] [browserification complete]
[1469940663942] [Sun, 31 Jul 2016 04:51:03 GMT] [0] [Listening on port 8080]
[1469940710024] [Sun, 31 Jul 2016 04:51:50 GMT] [0] [browserification complete]
[1469940725097] [Sun, 31 Jul 2016 04:52:05 GMT] [0] [Listening on port 8080]
[1469940765235] [Sun, 31 Jul 2016 04:52:45 GMT] [0] [browserification complete]
[1469940777053] [Sun, 31 Jul 2016 04:52:57 GMT] [0] [browserification complete]
[1469941032952] [Sun, 31 Jul 2016 04:57:12 GMT] [0] [browserification complete]
[1469942262795] [Sun, 31 Jul 2016 05:17:42 GMT] [0] [browserification complete]
[1469942262795] [Sun, 31 Jul 2016 05:17:42 GMT] [0] [browserification complete]
[1469942266480] [Sun, 31 Jul 2016 05:17:46 GMT] [0] [browserification complete]
[1469942272129] [Sun, 31 Jul 2016 05:17:52 GMT] [0] [browserification complete]
[1469942366439] [Sun, 31 Jul 2016 05:19:26 GMT] [0] [browserification complete]
[1469942366439] [Sun, 31 Jul 2016 05:19:26 GMT] [0] [browserification complete]
[1469942376831] [Sun, 31 Jul 2016 05:19:36 GMT] [0] [browserification complete]
[1469942381457] [Sun, 31 Jul 2016 05:19:41 GMT] [0] [browserification complete]
[1469942385584] [Sun, 31 Jul 2016 05:19:45 GMT] [0] [Listening on port 8080]
[1469987017464] [Sun, 31 Jul 2016 17:43:37 GMT] [0] [browserification complete]
[1469987017614] [Sun, 31 Jul 2016 17:43:37 GMT] [0] [browserification complete]
[1469987017619] [Sun, 31 Jul 2016 17:43:37 GMT] [0] [browserification complete]
[1469987017635] [Sun, 31 Jul 2016 17:43:37 GMT] [0] [browserification complete]
[1469987017653] [Sun, 31 Jul 2016 17:43:37 GMT] [0] [browserification complete]
[1469987017754] [Sun, 31 Jul 2016 17:43:37 GMT] [0] [browserification complete]
[1469987017754] [Sun, 31 Jul 2016 17:43:37 GMT] [0] [browserification complete]
[1469987017754] [Sun, 31 Jul 2016 17:43:37 GMT] [0] [browserification complete]
[1469987017754] [Sun, 31 Jul 2016 17:43:37 GMT] [0] [browserification complete]
[1469987017768] [Sun, 31 Jul 2016 17:43:37 GMT] [0] [browserification complete]
[1469987018246] [Sun, 31 Jul 2016 17:43:38 GMT] [0] [Listening on port 8080]
[1469989370551] [Sun, 31 Jul 2016 18:22:50 GMT] [0] [browserification complete]
[1469989462155] [Sun, 31 Jul 2016 18:24:22 GMT] [0] [Listening on port 8080]
[1469993681966] [Sun, 31 Jul 2016 19:34:41 GMT] [0] [browserification complete]
[1469993681970] [Sun, 31 Jul 2016 19:34:41 GMT] [0] [browserification complete]
[1469993770819] [Sun, 31 Jul 2016 19:36:10 GMT] [0] [browserification complete]
[1469993770819] [Sun, 31 Jul 2016 19:36:10 GMT] [0] [browserification complete]
[1469993801021] [Sun, 31 Jul 2016 19:36:41 GMT] [0] [browserification complete]
[1469993801026] [Sun, 31 Jul 2016 19:36:41 GMT] [0] [browserification complete]
[1469993956962] [Sun, 31 Jul 2016 19:39:16 GMT] [0] [browserification complete]
[1469993956967] [Sun, 31 Jul 2016 19:39:16 GMT] [0] [browserification complete]
[1469993956969] [Sun, 31 Jul 2016 19:39:16 GMT] [0] [browserification complete]
[1469994028011] [Sun, 31 Jul 2016 19:40:28 GMT] [0] [browserification complete]
[1469994028012] [Sun, 31 Jul 2016 19:40:28 GMT] [0] [browserification complete]
[1469996370686] [Sun, 31 Jul 2016 20:19:30 GMT] [0] [Listening on port 8080]
[1470003754887] [Sun, 31 Jul 2016 22:22:34 GMT] [0] [browserification complete]
[1470003755019] [Sun, 31 Jul 2016 22:22:35 GMT] [0] [browserification complete]
[1470003755167] [Sun, 31 Jul 2016 22:22:35 GMT] [0] [browserification complete]
[1470003755358] [Sun, 31 Jul 2016 22:22:35 GMT] [0] [browserification complete]
[1470003755358] [Sun, 31 Jul 2016 22:22:35 GMT] [0] [browserification complete]
[1470003755359] [Sun, 31 Jul 2016 22:22:35 GMT] [0] [browserification complete]
[1470003755359] [Sun, 31 Jul 2016 22:22:35 GMT] [0] [browserification complete]
[1470003755373] [Sun, 31 Jul 2016 22:22:35 GMT] [0] [browserification complete]
[1470003757240] [Sun, 31 Jul 2016 22:22:37 GMT] [0] [browserification complete]
[1470003758202] [Sun, 31 Jul 2016 22:22:38 GMT] [0] [browserification complete]
[1470004040512] [Sun, 31 Jul 2016 22:27:20 GMT] [0] [browserification complete]
[1470004040520] [Sun, 31 Jul 2016 22:27:20 GMT] [0] [browserification complete]
[1470004040516] [Sun, 31 Jul 2016 22:27:20 GMT] [0] [browserification complete]
[1470007840124] [Sun, 31 Jul 2016 23:30:40 GMT] [0] [browserification complete]
[1470007840276] [Sun, 31 Jul 2016 23:30:40 GMT] [0] [browserification complete]
[1470007840277] [Sun, 31 Jul 2016 23:30:40 GMT] [0] [browserification complete]
[1470007840277] [Sun, 31 Jul 2016 23:30:40 GMT] [0] [browserification complete]
[1470007840287] [Sun, 31 Jul 2016 23:30:40 GMT] [0] [browserification complete]
[1470007840487] [Sun, 31 Jul 2016 23:30:40 GMT] [0] [browserification complete]
[1470007840488] [Sun, 31 Jul 2016 23:30:40 GMT] [0] [browserification complete]
[1470008114271] [Sun, 31 Jul 2016 23:35:14 GMT] [0] [Listening on port 8080]
[1470010268900] [Mon, 01 Aug 2016 00:11:08 GMT] [0] [Listening on port 8080]
[1470010321036] [Mon, 01 Aug 2016 00:12:01 GMT] [0] [Listening on port 8080]
[1470010322967] [Mon, 01 Aug 2016 00:12:02 GMT] [0] [browserification complete]
[1470010322968] [Mon, 01 Aug 2016 00:12:02 GMT] [0] [browserification complete]
[1470010399903] [Mon, 01 Aug 2016 00:13:19 GMT] [0] [Listening on port 8080]
[1470010400901] [Mon, 01 Aug 2016 00:13:20 GMT] [0] [browserification complete]
[1470010400901] [Mon, 01 Aug 2016 00:13:20 GMT] [0] [browserification complete]
[1470010884871] [Mon, 01 Aug 2016 00:21:24 GMT] [0] [Listening on port 8080]
[1470010887230] [Mon, 01 Aug 2016 00:21:27 GMT] [0] [browserification complete]
[1470010887462] [Mon, 01 Aug 2016 00:21:27 GMT] [0] [browserification complete]
[1470010945325] [Mon, 01 Aug 2016 00:22:25 GMT] [0] [Listening on port 8080]
[1470010970469] [Mon, 01 Aug 2016 00:22:50 GMT] [0] [browserification complete]
[1470010970471] [Mon, 01 Aug 2016 00:22:50 GMT] [0] [browserification complete]
[1470010970471] [Mon, 01 Aug 2016 00:22:50 GMT] [0] [browserification complete]
[1470010970472] [Mon, 01 Aug 2016 00:22:50 GMT] [0] [browserification complete]
[1470010970472] [Mon, 01 Aug 2016 00:22:50 GMT] [0] [browserification complete]
[1470010970472] [Mon, 01 Aug 2016 00:22:50 GMT] [0] [browserification complete]
[1470010970932] [Mon, 01 Aug 2016 00:22:50 GMT] [0] [browserification complete]
[1470010971597] [Mon, 01 Aug 2016 00:22:51 GMT] [0] [browserification complete]
[1470010976013] [Mon, 01 Aug 2016 00:22:56 GMT] [0] [browserification complete]
[1470011003796] [Mon, 01 Aug 2016 00:23:23 GMT] [0] [Listening on port 8080]
[1470011007610] [Mon, 01 Aug 2016 00:23:27 GMT] [0] [browserification complete]
[1470011007617] [Mon, 01 Aug 2016 00:23:27 GMT] [0] [browserification complete]
[1470011007617] [Mon, 01 Aug 2016 00:23:27 GMT] [0] [browserification complete]
[1470011354670] [Mon, 01 Aug 2016 00:29:14 GMT] [0] [browserification complete]
[1470011354670] [Mon, 01 Aug 2016 00:29:14 GMT] [0] [browserification complete]
[1470011467485] [Mon, 01 Aug 2016 00:31:07 GMT] [0] [Listening on port 8080]
[1470012962206] [Mon, 01 Aug 2016 00:56:02 GMT] [0] [browserification complete]
[1470012962207] [Mon, 01 Aug 2016 00:56:02 GMT] [0] [browserification complete]
[1470012962219] [Mon, 01 Aug 2016 00:56:02 GMT] [0] [browserification complete]
[1470013056746] [Mon, 01 Aug 2016 00:57:36 GMT] [0] [browserification complete]
[1470013056999] [Mon, 01 Aug 2016 00:57:36 GMT] [0] [browserification complete]
[1470013165951] [Mon, 01 Aug 2016 00:59:25 GMT] [0] [Listening on port 8080]
[1470013167543] [Mon, 01 Aug 2016 00:59:27 GMT] [0] [browserification complete]
[1470013222137] [Mon, 01 Aug 2016 01:00:22 GMT] [0] [browserification complete]
[1470013222137] [Mon, 01 Aug 2016 01:00:22 GMT] [0] [browserification complete]
[1470013222329] [Mon, 01 Aug 2016 01:00:22 GMT] [0] [browserification complete]
[1470013298824] [Mon, 01 Aug 2016 01:01:38 GMT] [0] [browserification complete]
[1470013298824] [Mon, 01 Aug 2016 01:01:38 GMT] [0] [browserification complete]
[1470013303471] [Mon, 01 Aug 2016 01:01:43 GMT] [0] [Listening on port 8080]
[1470013328698] [Mon, 01 Aug 2016 01:02:08 GMT] [0] [Listening on port 8080]
[1470013329163] [Mon, 01 Aug 2016 01:02:09 GMT] [0] [browserification complete]
[1470013329352] [Mon, 01 Aug 2016 01:02:09 GMT] [0] [browserification complete]
[1470013394438] [Mon, 01 Aug 2016 01:03:14 GMT] [0] [Listening on port 8080]
[1470013396499] [Mon, 01 Aug 2016 01:03:16 GMT] [0] [browserification complete]
[1470013396504] [Mon, 01 Aug 2016 01:03:16 GMT] [0] [browserification complete]
[1470014451351] [Mon, 01 Aug 2016 01:20:51 GMT] [0] [Listening on port 8080]
[1470014455657] [Mon, 01 Aug 2016 01:20:55 GMT] [0] [browserification complete]
[1470014455657] [Mon, 01 Aug 2016 01:20:55 GMT] [0] [browserification complete]
[1470015134969] [Mon, 01 Aug 2016 01:32:14 GMT] [0] [Listening on port 8080]
[1470015142335] [Mon, 01 Aug 2016 01:32:22 GMT] [0] [browserification complete]
[1470015142335] [Mon, 01 Aug 2016 01:32:22 GMT] [0] [browserification complete]
[1470015142654] [Mon, 01 Aug 2016 01:32:22 GMT] [0] [browserification complete]
[1470015148715] [Mon, 01 Aug 2016 01:32:28 GMT] [0] [Listening on port 8080]
[1470015151147] [Mon, 01 Aug 2016 01:32:31 GMT] [0] [browserification complete]
[1470015170512] [Mon, 01 Aug 2016 01:32:50 GMT] [0] [Listening on port 8080]
[1470015174438] [Mon, 01 Aug 2016 01:32:54 GMT] [0] [browserification complete]
[1470015174438] [Mon, 01 Aug 2016 01:32:54 GMT] [0] [browserification complete]
[1470015205635] [Mon, 01 Aug 2016 01:33:25 GMT] [0] [Listening on port 8080]
[1470015208868] [Mon, 01 Aug 2016 01:33:28 GMT] [0] [browserification complete]
[1470015234279] [Mon, 01 Aug 2016 01:33:54 GMT] [0] [Listening on port 8080]
[1470015239411] [Mon, 01 Aug 2016 01:33:59 GMT] [0] [browserification complete]
[1470015239415] [Mon, 01 Aug 2016 01:33:59 GMT] [0] [browserification complete]
[1470015278009] [Mon, 01 Aug 2016 01:34:38 GMT] [0] [browserification complete]
[1470015278015] [Mon, 01 Aug 2016 01:34:38 GMT] [0] [browserification complete]
[1470016198936] [Mon, 01 Aug 2016 01:49:58 GMT] [0] [Listening on port 8080]
[1470016204062] [Mon, 01 Aug 2016 01:50:04 GMT] [0] [browserification complete]
[1470016204283] [Mon, 01 Aug 2016 01:50:04 GMT] [0] [browserification complete]
[1470016204760] [Mon, 01 Aug 2016 01:50:04 GMT] [0] [browserification complete]
[1470016334321] [Mon, 01 Aug 2016 01:52:14 GMT] [0] [browserification complete]
[1470016334529] [Mon, 01 Aug 2016 01:52:14 GMT] [0] [browserification complete]
[1470016334529] [Mon, 01 Aug 2016 01:52:14 GMT] [0] [browserification complete]
[1470016377471] [Mon, 01 Aug 2016 01:52:57 GMT] [0] [browserification complete]
[1470018939882] [Mon, 01 Aug 2016 02:35:39 GMT] [0] [browserification complete]
[1470018939888] [Mon, 01 Aug 2016 02:35:39 GMT] [0] [browserification complete]
[1470018981068] [Mon, 01 Aug 2016 02:36:21 GMT] [0] [browserification complete]
[1470018981089] [Mon, 01 Aug 2016 02:36:21 GMT] [0] [browserification complete]
[1470018981395] [Mon, 01 Aug 2016 02:36:21 GMT] [0] [browserification complete]
[1470019462465] [Mon, 01 Aug 2016 02:44:22 GMT] [0] [browserification complete]
[1470019462854] [Mon, 01 Aug 2016 02:44:22 GMT] [0] [browserification complete]
[1470019462860] [Mon, 01 Aug 2016 02:44:22 GMT] [0] [browserification complete]
[1470019773194] [Mon, 01 Aug 2016 02:49:33 GMT] [0] [browserification complete]
[1470020937851] [Mon, 01 Aug 2016 03:08:57 GMT] [0] [Listening on port 8080]
[1470020977420] [Mon, 01 Aug 2016 03:09:37 GMT] [0] [Listening on port 8080]
[1470020983553] [Mon, 01 Aug 2016 03:09:43 GMT] [0] [browserification complete]
[1470020983750] [Mon, 01 Aug 2016 03:09:43 GMT] [0] [browserification complete]
[1470021114251] [Mon, 01 Aug 2016 03:11:54 GMT] [0] [Listening on port 8080]
[1470021119684] [Mon, 01 Aug 2016 03:11:59 GMT] [0] [browserification complete]
[1470021119692] [Mon, 01 Aug 2016 03:11:59 GMT] [0] [browserification complete]
[1470021143145] [Mon, 01 Aug 2016 03:12:23 GMT] [0] [Listening on port 8080]
[1470021146867] [Mon, 01 Aug 2016 03:12:26 GMT] [0] [browserification complete]
[1470021146867] [Mon, 01 Aug 2016 03:12:26 GMT] [0] [browserification complete]
[1470021184441] [Mon, 01 Aug 2016 03:13:04 GMT] [0] [Listening on port 8080]
[1470021187825] [Mon, 01 Aug 2016 03:13:07 GMT] [0] [browserification complete]
[1470021187836] [Mon, 01 Aug 2016 03:13:07 GMT] [0] [browserification complete]
[1470021203050] [Mon, 01 Aug 2016 03:13:23 GMT] [0] [browserification complete]
[1470021203051] [Mon, 01 Aug 2016 03:13:23 GMT] [0] [browserification complete]
[1470021203076] [Mon, 01 Aug 2016 03:13:23 GMT] [0] [browserification complete]
[1470021272224] [Mon, 01 Aug 2016 03:14:32 GMT] [0] [browserification complete]
[1470021272228] [Mon, 01 Aug 2016 03:14:32 GMT] [0] [browserification complete]
[1470021377514] [Mon, 01 Aug 2016 03:16:17 GMT] [0] [browserification complete]
[1470021536339] [Mon, 01 Aug 2016 03:18:56 GMT] [0] [browserification complete]
[1470021536610] [Mon, 01 Aug 2016 03:18:56 GMT] [0] [browserification complete]
[1470021638267] [Mon, 01 Aug 2016 03:20:38 GMT] [0] [Listening on port 8080]
[1470021670312] [Mon, 01 Aug 2016 03:21:10 GMT] [0] [Listening on port 8080]
[1470021676797] [Mon, 01 Aug 2016 03:21:16 GMT] [0] [browserification complete]
[1470021676805] [Mon, 01 Aug 2016 03:21:16 GMT] [0] [browserification complete]
[1470021932209] [Mon, 01 Aug 2016 03:25:32 GMT] [0] [browserification complete]
[1470021932508] [Mon, 01 Aug 2016 03:25:32 GMT] [0] [browserification complete]
[1470021987210] [Mon, 01 Aug 2016 03:26:27 GMT] [0] [browserification complete]
[1470021995740] [Mon, 01 Aug 2016 03:26:35 GMT] [0] [browserification complete]
[1470022195475] [Mon, 01 Aug 2016 03:29:55 GMT] [0] [browserification complete]
[1470022195475] [Mon, 01 Aug 2016 03:29:55 GMT] [0] [browserification complete]
[1470022195486] [Mon, 01 Aug 2016 03:29:55 GMT] [0] [browserification complete]
[1470022201924] [Mon, 01 Aug 2016 03:30:01 GMT] [0] [Listening on port 8080]
[1470022728051] [Mon, 01 Aug 2016 03:38:48 GMT] [0] [browserification complete]
[1470022728055] [Mon, 01 Aug 2016 03:38:48 GMT] [0] [browserification complete]
[1470022774893] [Mon, 01 Aug 2016 03:39:34 GMT] [0] [Listening on port 8080]
[1470022832269] [Mon, 01 Aug 2016 03:40:32 GMT] [0] [browserification complete]
[1470022832274] [Mon, 01 Aug 2016 03:40:32 GMT] [0] [browserification complete]
[1470022835000] [Mon, 01 Aug 2016 03:40:34 GMT] [0] [Listening on port 8080]
[1470022855175] [Mon, 01 Aug 2016 03:40:55 GMT] [0] [Listening on port 8080]
[1470022860627] [Mon, 01 Aug 2016 03:41:00 GMT] [0] [browserification complete]
[1470022860634] [Mon, 01 Aug 2016 03:41:00 GMT] [0] [browserification complete]
[1470022944877] [Mon, 01 Aug 2016 03:42:24 GMT] [0] [Listening on port 8080]
[1470022950289] [Mon, 01 Aug 2016 03:42:30 GMT] [0] [browserification complete]
[1470022950462] [Mon, 01 Aug 2016 03:42:30 GMT] [0] [browserification complete]
[1470022962214] [Mon, 01 Aug 2016 03:42:42 GMT] [0] [Listening on port 8080]
[1470023123964] [Mon, 01 Aug 2016 03:45:23 GMT] [0] [Listening on port 8080]
[1470023131474] [Mon, 01 Aug 2016 03:45:31 GMT] [0] [browserification complete]
[1470023131475] [Mon, 01 Aug 2016 03:45:31 GMT] [0] [browserification complete]
[1470023131475] [Mon, 01 Aug 2016 03:45:31 GMT] [0] [browserification complete]
[1470023131475] [Mon, 01 Aug 2016 03:45:31 GMT] [0] [browserification complete]
[1470023131478] [Mon, 01 Aug 2016 03:45:31 GMT] [0] [browserification complete]
[1470023131478] [Mon, 01 Aug 2016 03:45:31 GMT] [0] [browserification complete]
[1470023131505] [Mon, 01 Aug 2016 03:45:31 GMT] [0] [browserification complete]
[1470023301150] [Mon, 01 Aug 2016 03:48:21 GMT] [0] [Listening on port 8080]
[1470023302662] [Mon, 01 Aug 2016 03:48:22 GMT] [0] [browserification complete]
[1470023315994] [Mon, 01 Aug 2016 03:48:35 GMT] [0] [Listening on port 8080]
[1470023346848] [Mon, 01 Aug 2016 03:49:06 GMT] [0] [browserification complete]
[1470023364084] [Mon, 01 Aug 2016 03:49:24 GMT] [0] [browserification complete]
[1470023364351] [Mon, 01 Aug 2016 03:49:24 GMT] [0] [browserification complete]
[1470023365911] [Mon, 01 Aug 2016 03:49:25 GMT] [0] [Listening on port 8080]
[1470023437998] [Mon, 01 Aug 2016 03:50:37 GMT] [0] [browserification complete]
[1470023437998] [Mon, 01 Aug 2016 03:50:37 GMT] [0] [browserification complete]
[1470023448802] [Mon, 01 Aug 2016 03:50:48 GMT] [0] [browserification complete]
[1470023452467] [Mon, 01 Aug 2016 03:50:52 GMT] [0] [Listening on port 8080]
[1470023453048] [Mon, 01 Aug 2016 03:50:53 GMT] [0] [browserification complete]
[1470023489600] [Mon, 01 Aug 2016 03:51:29 GMT] [0] [Listening on port 8080]
[1470426309032] [Fri, 05 Aug 2016 19:45:09 GMT] [0] [Listening on port 8080]
[1470432777372] [Fri, 05 Aug 2016 21:32:57 GMT] [0] [Listening on port 8080]
[1470433691536] [Fri, 05 Aug 2016 21:48:11 GMT] [0] [Listening on port 8080]
[1470434375267] [Fri, 05 Aug 2016 21:59:35 GMT] [0] [Listening on port 8080]
[1470434447547] [Fri, 05 Aug 2016 22:00:47 GMT] [0] [Listening on port 8080]
[1470434467602] [Fri, 05 Aug 2016 22:01:07 GMT] [0] [browserification complete]
[1470434467603] [Fri, 05 Aug 2016 22:01:07 GMT] [0] [browserification complete]
[1470434467603] [Fri, 05 Aug 2016 22:01:07 GMT] [0] [browserification complete]
[1470434467603] [Fri, 05 Aug 2016 22:01:07 GMT] [0] [browserification complete]
[1470434467603] [Fri, 05 Aug 2016 22:01:07 GMT] [0] [browserification complete]
[1470434467603] [Fri, 05 Aug 2016 22:01:07 GMT] [0] [browserification complete]
[1470434467603] [Fri, 05 Aug 2016 22:01:07 GMT] [0] [browserification complete]
[1470434467603] [Fri, 05 Aug 2016 22:01:07 GMT] [0] [browserification complete]
[1470434467763] [Fri, 05 Aug 2016 22:01:07 GMT] [0] [browserification complete]
[1470434467767] [Fri, 05 Aug 2016 22:01:07 GMT] [0] [browserification complete]
[1470434511191] [Fri, 05 Aug 2016 22:01:51 GMT] [0] [Listening on port 8080]
[1470434513627] [Fri, 05 Aug 2016 22:01:53 GMT] [0] [browserification complete]
[1470434513631] [Fri, 05 Aug 2016 22:01:53 GMT] [0] [browserification complete]
[1470434576789] [Fri, 05 Aug 2016 22:02:56 GMT] [0] [browserification complete]
[1470434576790] [Fri, 05 Aug 2016 22:02:56 GMT] [0] [browserification complete]
[1470434578300] [Fri, 05 Aug 2016 22:02:58 GMT] [0] [Listening on port 8080]
[1470434675457] [Fri, 05 Aug 2016 22:04:35 GMT] [0] [browserification complete]
[1470434692099] [Fri, 05 Aug 2016 22:04:52 GMT] [0] [browserification complete]
[1470434692496] [Fri, 05 Aug 2016 22:04:52 GMT] [0] [Listening on port 8080]
[1470435337286] [Fri, 05 Aug 2016 22:15:37 GMT] [0] [browserification complete]
[1470435337287] [Fri, 05 Aug 2016 22:15:37 GMT] [0] [browserification complete]
[1470435393970] [Fri, 05 Aug 2016 22:16:33 GMT] [0] [Listening on port 8080]
[1470435422567] [Fri, 05 Aug 2016 22:17:02 GMT] [0] [browserification complete]
[1470435422568] [Fri, 05 Aug 2016 22:17:02 GMT] [0] [browserification complete]
[1470435422569] [Fri, 05 Aug 2016 22:17:02 GMT] [0] [browserification complete]
[1470435438335] [Fri, 05 Aug 2016 22:17:18 GMT] [0] [browserification complete]
[1470435457739] [Fri, 05 Aug 2016 22:17:37 GMT] [0] [browserification complete]
[1470435458563] [Fri, 05 Aug 2016 22:17:38 GMT] [0] [browserification complete]
[1470435458564] [Fri, 05 Aug 2016 22:17:38 GMT] [0] [browserification complete]
[1470435465700] [Fri, 05 Aug 2016 22:17:45 GMT] [0] [Listening on port 8080]
[1470435467079] [Fri, 05 Aug 2016 22:17:47 GMT] [0] [browserification complete]
[1470435481476] [Fri, 05 Aug 2016 22:18:01 GMT] [0] [browserification complete]
[1470435486014] [Fri, 05 Aug 2016 22:18:06 GMT] [0] [browserification complete]
[1470435541424] [Fri, 05 Aug 2016 22:19:01 GMT] [0] [browserification complete]
[1470435547696] [Fri, 05 Aug 2016 22:19:07 GMT] [0] [Listening on port 8080]
[1470435547866] [Fri, 05 Aug 2016 22:19:07 GMT] [0] [browserification complete]
[1470435639431] [Fri, 05 Aug 2016 22:20:39 GMT] [0] [browserification complete]
[1470435657831] [Fri, 05 Aug 2016 22:20:57 GMT] [0] [browserification complete]
[1470435663183] [Fri, 05 Aug 2016 22:21:03 GMT] [0] [browserification complete]
[1470435664621] [Fri, 05 Aug 2016 22:21:04 GMT] [0] [browserification complete]
[1470435746286] [Fri, 05 Aug 2016 22:22:26 GMT] [0] [browserification complete]
[1470435746287] [Fri, 05 Aug 2016 22:22:26 GMT] [0] [browserification complete]
[1470435754931] [Fri, 05 Aug 2016 22:22:34 GMT] [0] [browserification complete]
[1470435781334] [Fri, 05 Aug 2016 22:23:01 GMT] [0] [browserification complete]
[1470435781334] [Fri, 05 Aug 2016 22:23:01 GMT] [0] [browserification complete]
[1470435784940] [Fri, 05 Aug 2016 22:23:04 GMT] [0] [Listening on port 8080]
[1470435786532] [Fri, 05 Aug 2016 22:23:06 GMT] [0] [browserification complete]
[1470435835133] [Fri, 05 Aug 2016 22:23:55 GMT] [0] [browserification complete]
[1470435840385] [Fri, 05 Aug 2016 22:24:00 GMT] [0] [browserification complete]
[1470435851630] [Fri, 05 Aug 2016 22:24:11 GMT] [0] [Listening on port 8080]
[1470435853088] [Fri, 05 Aug 2016 22:24:13 GMT] [0] [browserification complete]
[1470436027695] [Fri, 05 Aug 2016 22:27:07 GMT] [0] [Listening on port 3000]
[1470436029351] [Fri, 05 Aug 2016 22:27:09 GMT] [0] [browserification complete]
[1470437367230] [Fri, 05 Aug 2016 22:49:27 GMT] [0] [Listening on port 3000]
[1470437368602] [Fri, 05 Aug 2016 22:49:28 GMT] [0] [browserification complete]
[1470448086993] [Sat, 06 Aug 2016 01:48:06 GMT] [0] [browserification complete]
[1470448086994] [Sat, 06 Aug 2016 01:48:06 GMT] [0] [browserification complete]
[1470448087000] [Sat, 06 Aug 2016 01:48:07 GMT] [0] [browserification complete]
[1470448087244] [Sat, 06 Aug 2016 01:48:07 GMT] [0] [browserification complete]
[1470448087244] [Sat, 06 Aug 2016 01:48:07 GMT] [0] [browserification complete]
[1470448087244] [Sat, 06 Aug 2016 01:48:07 GMT] [0] [browserification complete]
[1470448087244] [Sat, 06 Aug 2016 01:48:07 GMT] [0] [browserification complete]
[1470448087244] [Sat, 06 Aug 2016 01:48:07 GMT] [0] [browserification complete]
[1470448087248] [Sat, 06 Aug 2016 01:48:07 GMT] [0] [browserification complete]
[1470448087248] [Sat, 06 Aug 2016 01:48:07 GMT] [0] [browserification complete]
[1470448206923] [Sat, 06 Aug 2016 01:50:06 GMT] [0] [browserification complete]
[1470448206930] [Sat, 06 Aug 2016 01:50:06 GMT] [0] [Listening on port 3000]
[1470448217797] [Sat, 06 Aug 2016 01:50:17 GMT] [0] [browserification complete]
[1470448242169] [Sat, 06 Aug 2016 01:50:42 GMT] [0] [browserification complete]
[1470448247140] [Sat, 06 Aug 2016 01:50:47 GMT] [0] [Listening on port 3000]
[1470448249749] [Sat, 06 Aug 2016 01:50:49 GMT] [0] [browserification complete]
[1470448249749] [Sat, 06 Aug 2016 01:50:49 GMT] [0] [browserification complete]
[1470448280433] [Sat, 06 Aug 2016 01:51:20 GMT] [0] [browserification complete]
[1470448280433] [Sat, 06 Aug 2016 01:51:20 GMT] [0] [browserification complete]
[1470448552370] [Sat, 06 Aug 2016 01:55:52 GMT] [0] [Listening on port 3000]
[1470448554723] [Sat, 06 Aug 2016 01:55:54 GMT] [0] [browserification complete]
[1470448554725] [Sat, 06 Aug 2016 01:55:54 GMT] [0] [browserification complete]
[1470448571098] [Sat, 06 Aug 2016 01:56:11 GMT] [0] [browserification complete]
[1470448594637] [Sat, 06 Aug 2016 01:56:34 GMT] [0] [Listening on port 8888]
[1470448595714] [Sat, 06 Aug 2016 01:56:35 GMT] [0] [browserification complete]
[1470448595714] [Sat, 06 Aug 2016 01:56:35 GMT] [0] [browserification complete]
[1470449391506] [Sat, 06 Aug 2016 02:09:51 GMT] [0] [browserification complete]
[1470449424807] [Sat, 06 Aug 2016 02:10:24 GMT] [0] [browserification complete]
[1470449428347] [Sat, 06 Aug 2016 02:10:28 GMT] [0] [browserification complete]
[1470449455553] [Sat, 06 Aug 2016 02:10:55 GMT] [0] [browserification complete]
[1470449461359] [Sat, 06 Aug 2016 02:11:01 GMT] [0] [browserification complete]
[1470449509259] [Sat, 06 Aug 2016 02:11:49 GMT] [0] [browserification complete]
[1470449522966] [Sat, 06 Aug 2016 02:12:02 GMT] [0] [browserification complete]
[1470449547734] [Sat, 06 Aug 2016 02:12:27 GMT] [0] [browserification complete]
[1470449572107] [Sat, 06 Aug 2016 02:12:52 GMT] [0] [browserification complete]
[1470449592652] [Sat, 06 Aug 2016 02:13:12 GMT] [0] [browserification complete]
[1470449592776] [Sat, 06 Aug 2016 02:13:12 GMT] [0] [Listening on port 8888]
[1470449606321] [Sat, 06 Aug 2016 02:13:26 GMT] [0] [browserification complete]
[1470449607504] [Sat, 06 Aug 2016 02:13:27 GMT] [0] [Listening on port 8888]
[1470449609402] [Sat, 06 Aug 2016 02:13:29 GMT] [0] [browserification complete]
[1470449647268] [Sat, 06 Aug 2016 02:14:07 GMT] [0] [Listening on port 8888]
[1470449650903] [Sat, 06 Aug 2016 02:14:10 GMT] [0] [browserification complete]
[1470449650903] [Sat, 06 Aug 2016 02:14:10 GMT] [0] [browserification complete]
[1470449651106] [Sat, 06 Aug 2016 02:14:11 GMT] [0] [browserification complete]
[1470449656130] [Sat, 06 Aug 2016 02:14:16 GMT] [0] [Listening on port 8888]
[1470449668460] [Sat, 06 Aug 2016 02:14:28 GMT] [0] [browserification complete]
[1470449707555] [Sat, 06 Aug 2016 02:15:07 GMT] [0] [Listening on port 8888]
[1470449708109] [Sat, 06 Aug 2016 02:15:08 GMT] [0] [browserification complete]
[1470449728406] [Sat, 06 Aug 2016 02:15:28 GMT] [0] [browserification complete]
[1470449953671] [Sat, 06 Aug 2016 02:19:13 GMT] [0] [Listening on port 8888]
[1470449996677] [Sat, 06 Aug 2016 02:19:56 GMT] [0] [Listening on port 8888]
[1470449997498] [Sat, 06 Aug 2016 02:19:57 GMT] [0] [browserification complete]
[1470450020574] [Sat, 06 Aug 2016 02:20:20 GMT] [0] [Listening on port 8888]
[1470450022052] [Sat, 06 Aug 2016 02:20:22 GMT] [0] [browserification complete]
[1470450053770] [Sat, 06 Aug 2016 02:20:53 GMT] [0] [Listening on port 8888]
[1470450055571] [Sat, 06 Aug 2016 02:20:55 GMT] [0] [browserification complete]
[1470450058314] [Sat, 06 Aug 2016 02:20:58 GMT] [0] [Listening on port 8888]
[1470453082166] [Sat, 06 Aug 2016 03:11:22 GMT] [0] [Listening on port 8888]
[1470453099201] [Sat, 06 Aug 2016 03:11:39 GMT] [0] [browserification complete]
[1470453099201] [Sat, 06 Aug 2016 03:11:39 GMT] [0] [browserification complete]
[1470453112353] [Sat, 06 Aug 2016 03:11:52 GMT] [0] [Listening on port 8888]
[1470453114498] [Sat, 06 Aug 2016 03:11:54 GMT] [0] [browserification complete]
[1470453628319] [Sat, 06 Aug 2016 03:20:28 GMT] [0] [browserification complete]
[1470453628321] [Sat, 06 Aug 2016 03:20:28 GMT] [0] [browserification complete]
[1470453628323] [Sat, 06 Aug 2016 03:20:28 GMT] [0] [browserification complete]
[1470453660827] [Sat, 06 Aug 2016 03:21:00 GMT] [0] [Listening on port 8888]
[1470612159272] [Sun, 07 Aug 2016 23:22:39 GMT] [0] [Listening on port 8888]
[1470612211244] [Sun, 07 Aug 2016 23:23:31 GMT] [0] [browserification complete]
[1470612211245] [Sun, 07 Aug 2016 23:23:31 GMT] [0] [browserification complete]
[1470612211245] [Sun, 07 Aug 2016 23:23:31 GMT] [0] [browserification complete]
[1470612211245] [Sun, 07 Aug 2016 23:23:31 GMT] [0] [browserification complete]
[1470612211245] [Sun, 07 Aug 2016 23:23:31 GMT] [0] [browserification complete]
[1470612211245] [Sun, 07 Aug 2016 23:23:31 GMT] [0] [browserification complete]
[1470612211433] [Sun, 07 Aug 2016 23:23:31 GMT] [0] [browserification complete]
[1470612490514] [Sun, 07 Aug 2016 23:28:10 GMT] [0] [browserification complete]
[1470612490517] [Sun, 07 Aug 2016 23:28:10 GMT] [0] [browserification complete]
[1470615908442] [Mon, 08 Aug 2016 00:25:08 GMT] [0] [browserification complete]
[1470615914408] [Mon, 08 Aug 2016 00:25:14 GMT] [0] [Listening on port 8888]
[1470616042927] [Mon, 08 Aug 2016 00:27:22 GMT] [0] [browserification complete]
[1470616042929] [Mon, 08 Aug 2016 00:27:22 GMT] [0] [browserification complete]
[1470616042929] [Mon, 08 Aug 2016 00:27:22 GMT] [0] [browserification complete]
[1470616117110] [Mon, 08 Aug 2016 00:28:37 GMT] [0] [browserification complete]
[1470618019497] [Mon, 08 Aug 2016 01:00:19 GMT] [0] [Listening on port 8888]
[1470618072239] [Mon, 08 Aug 2016 01:01:12 GMT] [0] [browserification complete]
[1470618072240] [Mon, 08 Aug 2016 01:01:12 GMT] [0] [browserification complete]
[1470618084262] [Mon, 08 Aug 2016 01:01:24 GMT] [0] [Listening on port 8080]
[1470618086473] [Mon, 08 Aug 2016 01:01:26 GMT] [0] [browserification complete]
[1470619273037] [Mon, 08 Aug 2016 01:21:13 GMT] [0] [browserification complete]
[1470619552215] [Mon, 08 Aug 2016 01:25:52 GMT] [0] [Listening on port 8080]
[1470619633130] [Mon, 08 Aug 2016 01:27:13 GMT] [0] [browserification complete]
[1470619633130] [Mon, 08 Aug 2016 01:27:13 GMT] [0] [browserification complete]
[1470619633132] [Mon, 08 Aug 2016 01:27:13 GMT] [0] [browserification complete]
[1470619633417] [Mon, 08 Aug 2016 01:27:13 GMT] [0] [browserification complete]
[1470620126620] [Mon, 08 Aug 2016 01:35:26 GMT] [0] [browserification complete]
[1470620226293] [Mon, 08 Aug 2016 01:37:06 GMT] [0] [Listening on port 8080]
[1470620230216] [Mon, 08 Aug 2016 01:37:10 GMT] [0] [browserification complete]
[1470620230218] [Mon, 08 Aug 2016 01:37:10 GMT] [0] [browserification complete]
[1470620353081] [Mon, 08 Aug 2016 01:39:13 GMT] [0] [browserification complete]
[1470620353081] [Mon, 08 Aug 2016 01:39:13 GMT] [0] [browserification complete]
[1470620538137] [Mon, 08 Aug 2016 01:42:18 GMT] [0] [browserification complete]
[1470620538145] [Mon, 08 Aug 2016 01:42:18 GMT] [0] [browserification complete]
[1470620538526] [Mon, 08 Aug 2016 01:42:18 GMT] [0] [browserification complete]
[1470620612727] [Mon, 08 Aug 2016 01:43:32 GMT] [0] [browserification complete]
[1470620612731] [Mon, 08 Aug 2016 01:43:32 GMT] [0] [browserification complete]
[1470620618418] [Mon, 08 Aug 2016 01:43:38 GMT] [0] [browserification complete]
[1470620618565] [Mon, 08 Aug 2016 01:43:38 GMT] [0] [browserification complete]
[1470620618566] [Mon, 08 Aug 2016 01:43:38 GMT] [0] [browserification complete]
[1470620626066] [Mon, 08 Aug 2016 01:43:46 GMT] [0] [Listening on port 8080]
[1470620626935] [Mon, 08 Aug 2016 01:43:46 GMT] [0] [browserification complete]
[1470620626935] [Mon, 08 Aug 2016 01:43:46 GMT] [0] [browserification complete]
[1470620715989] [Mon, 08 Aug 2016 01:45:15 GMT] [0] [browserification complete]
[1470620715989] [Mon, 08 Aug 2016 01:45:15 GMT] [0] [browserification complete]
[1470620732065] [Mon, 08 Aug 2016 01:45:32 GMT] [0] [browserification complete]
[1470620732065] [Mon, 08 Aug 2016 01:45:32 GMT] [0] [browserification complete]
[1470620735766] [Mon, 08 Aug 2016 01:45:35 GMT] [0] [Listening on port 8080]
[1470620778466] [Mon, 08 Aug 2016 01:46:18 GMT] [0] [browserification complete]
[1470620778626] [Mon, 08 Aug 2016 01:46:18 GMT] [0] [browserification complete]
[1470620778882] [Mon, 08 Aug 2016 01:46:18 GMT] [0] [browserification complete]
[1470621031930] [Mon, 08 Aug 2016 01:50:31 GMT] [0] [browserification complete]
[1470621233070] [Mon, 08 Aug 2016 01:53:53 GMT] [0] [browserification complete]
[1470621233071] [Mon, 08 Aug 2016 01:53:53 GMT] [0] [browserification complete]
[1470621440751] [Mon, 08 Aug 2016 01:57:20 GMT] [0] [browserification complete]
[1470621440752] [Mon, 08 Aug 2016 01:57:20 GMT] [0] [browserification complete]
[1470621464884] [Mon, 08 Aug 2016 01:57:44 GMT] [0] [browserification complete]
[1470621464886] [Mon, 08 Aug 2016 01:57:44 GMT] [0] [browserification complete]
[1470625164687] [Mon, 08 Aug 2016 02:59:24 GMT] [0] [browserification complete]
[1470625164688] [Mon, 08 Aug 2016 02:59:24 GMT] [0] [browserification complete]
[1470626300900] [Mon, 08 Aug 2016 03:18:20 GMT] [0] [browserification complete]
[1470626300901] [Mon, 08 Aug 2016 03:18:20 GMT] [0] [browserification complete]
[1470626300910] [Mon, 08 Aug 2016 03:18:20 GMT] [0] [browserification complete]
[1470627065360] [Mon, 08 Aug 2016 03:31:05 GMT] [0] [browserification complete]
[1470627065574] [Mon, 08 Aug 2016 03:31:05 GMT] [0] [browserification complete]
[1470627161758] [Mon, 08 Aug 2016 03:32:41 GMT] [0] [Listening on port 8080]
[1470627164876] [Mon, 08 Aug 2016 03:32:44 GMT] [0] [browserification complete]
[1470627164877] [Mon, 08 Aug 2016 03:32:44 GMT] [0] [browserification complete]
[1470627233083] [Mon, 08 Aug 2016 03:33:53 GMT] [0] [browserification complete]
[1470627233369] [Mon, 08 Aug 2016 03:33:53 GMT] [0] [browserification complete]
[1470627259942] [Mon, 08 Aug 2016 03:34:19 GMT] [0] [browserification complete]
[1470627260208] [Mon, 08 Aug 2016 03:34:20 GMT] [0] [browserification complete]
[1470627324470] [Mon, 08 Aug 2016 03:35:24 GMT] [0] [browserification complete]
[1470627385558] [Mon, 08 Aug 2016 03:36:25 GMT] [0] [browserification complete]
[1470627385561] [Mon, 08 Aug 2016 03:36:25 GMT] [0] [browserification complete]
[1470627572414] [Mon, 08 Aug 2016 03:39:32 GMT] [0] [browserification complete]
[1470627572418] [Mon, 08 Aug 2016 03:39:32 GMT] [0] [browserification complete]
[1470627584648] [Mon, 08 Aug 2016 03:39:44 GMT] [0] [browserification complete]
[1470627631356] [Mon, 08 Aug 2016 03:40:31 GMT] [0] [browserification complete]
[1470627631556] [Mon, 08 Aug 2016 03:40:31 GMT] [0] [browserification complete]
[1470627642158] [Mon, 08 Aug 2016 03:40:42 GMT] [0] [browserification complete]
[1470627642158] [Mon, 08 Aug 2016 03:40:42 GMT] [0] [browserification complete]
[1470627711133] [Mon, 08 Aug 2016 03:41:51 GMT] [0] [browserification complete]
[1470627711133] [Mon, 08 Aug 2016 03:41:51 GMT] [0] [browserification complete]
[1470627711522] [Mon, 08 Aug 2016 03:41:51 GMT] [0] [browserification complete]
[1470627714075] [Mon, 08 Aug 2016 03:41:54 GMT] [0] [browserification complete]
[1470627714077] [Mon, 08 Aug 2016 03:41:54 GMT] [0] [browserification complete]
[1470627744051] [Mon, 08 Aug 2016 03:42:24 GMT] [0] [browserification complete]
[1470627966677] [Mon, 08 Aug 2016 03:46:06 GMT] [0] [browserification complete]
[1470627966680] [Mon, 08 Aug 2016 03:46:06 GMT] [0] [browserification complete]
[1470627966679] [Mon, 08 Aug 2016 03:46:06 GMT] [0] [browserification complete]
[1470629186765] [Mon, 08 Aug 2016 04:06:26 GMT] [0] [browserification complete]
[1470629405647] [Mon, 08 Aug 2016 04:10:05 GMT] [0] [browserification complete]
[1470629405647] [Mon, 08 Aug 2016 04:10:05 GMT] [0] [browserification complete]
[1470629425480] [Mon, 08 Aug 2016 04:10:25 GMT] [0] [browserification complete]
[1470629832505] [Mon, 08 Aug 2016 04:17:12 GMT] [0] [Listening on port 8080]
[1470629910535] [Mon, 08 Aug 2016 04:18:30 GMT] [0] [browserification complete]
[1470629910536] [Mon, 08 Aug 2016 04:18:30 GMT] [0] [browserification complete]
[1470629910539] [Mon, 08 Aug 2016 04:18:30 GMT] [0] [browserification complete]
[1470629938333] [Mon, 08 Aug 2016 04:18:58 GMT] [0] [browserification complete]
[1470629938333] [Mon, 08 Aug 2016 04:18:58 GMT] [0] [browserification complete]
[1470630000483] [Mon, 08 Aug 2016 04:20:00 GMT] [0] [browserification complete]
[1470630000700] [Mon, 08 Aug 2016 04:20:00 GMT] [0] [browserification complete]
[1470630000703] [Mon, 08 Aug 2016 04:20:00 GMT] [0] [browserification complete]
[1470630062347] [Mon, 08 Aug 2016 04:21:02 GMT] [0] [browserification complete]
[1470630062350] [Mon, 08 Aug 2016 04:21:02 GMT] [0] [browserification complete]
[1470630062560] [Mon, 08 Aug 2016 04:21:02 GMT] [0] [browserification complete]
[1470630251681] [Mon, 08 Aug 2016 04:24:11 GMT] [0] [browserification complete]
[1470630251684] [Mon, 08 Aug 2016 04:24:11 GMT] [0] [browserification complete]
[1470630251683] [Mon, 08 Aug 2016 04:24:11 GMT] [0] [browserification complete]
[1470630623581] [Mon, 08 Aug 2016 04:30:23 GMT] [0] [browserification complete]
[1470630623581] [Mon, 08 Aug 2016 04:30:23 GMT] [0] [browserification complete]
[1470631884679] [Mon, 08 Aug 2016 04:51:24 GMT] [0] [browserification complete]
[1470631884861] [Mon, 08 Aug 2016 04:51:24 GMT] [0] [browserification complete]
[1470631902627] [Mon, 08 Aug 2016 04:51:42 GMT] [0] [browserification complete]
[1470631947495] [Mon, 08 Aug 2016 04:52:27 GMT] [0] [browserification complete]
[1470631947658] [Mon, 08 Aug 2016 04:52:27 GMT] [0] [browserification complete]
[1470631947659] [Mon, 08 Aug 2016 04:52:27 GMT] [0] [browserification complete]
[1470632107233] [Mon, 08 Aug 2016 04:55:07 GMT] [0] [browserification complete]
[1470632143321] [Mon, 08 Aug 2016 04:55:43 GMT] [0] [browserification complete]
[1470632143324] [Mon, 08 Aug 2016 04:55:43 GMT] [0] [browserification complete]
[1470632202088] [Mon, 08 Aug 2016 04:56:42 GMT] [0] [browserification complete]
[1470632202343] [Mon, 08 Aug 2016 04:56:42 GMT] [0] [browserification complete]
[1470632202576] [Mon, 08 Aug 2016 04:56:42 GMT] [0] [browserification complete]
[1470632244969] [Mon, 08 Aug 2016 04:57:24 GMT] [0] [browserification complete]
[1470632245177] [Mon, 08 Aug 2016 04:57:25 GMT] [0] [browserification complete]
[1470632876255] [Mon, 08 Aug 2016 05:07:56 GMT] [0] [browserification complete]
[1470632876259] [Mon, 08 Aug 2016 05:07:56 GMT] [0] [browserification complete]
[1470632876257] [Mon, 08 Aug 2016 05:07:56 GMT] [0] [browserification complete]
[1470632972112] [Mon, 08 Aug 2016 05:09:32 GMT] [0] [browserification complete]
[1470632972113] [Mon, 08 Aug 2016 05:09:32 GMT] [0] [browserification complete]
[1470633154954] [Mon, 08 Aug 2016 05:12:34 GMT] [0] [browserification complete]
[1470633189020] [Mon, 08 Aug 2016 05:13:09 GMT] [0] [browserification complete]
[1470633189021] [Mon, 08 Aug 2016 05:13:09 GMT] [0] [browserification complete]
[1470634424235] [Mon, 08 Aug 2016 05:33:44 GMT] [0] [browserification complete]
[1470634424241] [Mon, 08 Aug 2016 05:33:44 GMT] [0] [browserification complete]
[1470634424247] [Mon, 08 Aug 2016 05:33:44 GMT] [0] [browserification complete]
[1470634456317] [Mon, 08 Aug 2016 05:34:16 GMT] [0] [browserification complete]
[1470634456318] [Mon, 08 Aug 2016 05:34:16 GMT] [0] [browserification complete]
[1470634456317] [Mon, 08 Aug 2016 05:34:16 GMT] [0] [browserification complete]
[1470634732492] [Mon, 08 Aug 2016 05:38:52 GMT] [0] [browserification complete]
[1470634732852] [Mon, 08 Aug 2016 05:38:52 GMT] [0] [browserification complete]
[1470634746822] [Mon, 08 Aug 2016 05:39:06 GMT] [0] [browserification complete]
[1470634746825] [Mon, 08 Aug 2016 05:39:06 GMT] [0] [browserification complete]
[1470634746826] [Mon, 08 Aug 2016 05:39:06 GMT] [0] [browserification complete]
[1470634818283] [Mon, 08 Aug 2016 05:40:18 GMT] [0] [browserification complete]
[1470634818490] [Mon, 08 Aug 2016 05:40:18 GMT] [0] [browserification complete]
[1470634990257] [Mon, 08 Aug 2016 05:43:10 GMT] [0] [browserification complete]
[1470634990416] [Mon, 08 Aug 2016 05:43:10 GMT] [0] [browserification complete]
[1470634990419] [Mon, 08 Aug 2016 05:43:10 GMT] [0] [browserification complete]
[1470635031789] [Mon, 08 Aug 2016 05:43:51 GMT] [0] [browserification complete]
[1470635031791] [Mon, 08 Aug 2016 05:43:51 GMT] [0] [browserification complete]
[1470635174181] [Mon, 08 Aug 2016 05:46:14 GMT] [0] [Listening on port 8080]
[1470635178552] [Mon, 08 Aug 2016 05:46:18 GMT] [0] [browserification complete]
[1470635178553] [Mon, 08 Aug 2016 05:46:18 GMT] [0] [browserification complete]
[1470635178915] [Mon, 08 Aug 2016 05:46:18 GMT] [0] [browserification complete]
[1470635326171] [Mon, 08 Aug 2016 05:48:46 GMT] [0] [browserification complete]
[1470635326171] [Mon, 08 Aug 2016 05:48:46 GMT] [0] [browserification complete]
[1470635326174] [Mon, 08 Aug 2016 05:48:46 GMT] [0] [browserification complete]
[1470682019657] [Mon, 08 Aug 2016 18:46:59 GMT] [0] [Listening on port 8080]
[1470682052927] [Mon, 08 Aug 2016 18:47:32 GMT] [0] [browserification complete]
[1470682052928] [Mon, 08 Aug 2016 18:47:32 GMT] [0] [browserification complete]
[1470682052928] [Mon, 08 Aug 2016 18:47:32 GMT] [0] [browserification complete]
[1470682052928] [Mon, 08 Aug 2016 18:47:32 GMT] [0] [browserification complete]
[1470682052928] [Mon, 08 Aug 2016 18:47:32 GMT] [0] [browserification complete]
[1470682052928] [Mon, 08 Aug 2016 18:47:32 GMT] [0] [browserification complete]
[1470682052928] [Mon, 08 Aug 2016 18:47:32 GMT] [0] [browserification complete]
[1470682052931] [Mon, 08 Aug 2016 18:47:32 GMT] [0] [browserification complete]
[1470682052934] [Mon, 08 Aug 2016 18:47:32 GMT] [0] [browserification complete]
[1470682052934] [Mon, 08 Aug 2016 18:47:32 GMT] [0] [browserification complete]
[1470682052934] [Mon, 08 Aug 2016 18:47:32 GMT] [0] [browserification complete]
[1470683204295] [Mon, 08 Aug 2016 19:06:44 GMT] [0] [Listening on port 8080]
[1470684142747] [Mon, 08 Aug 2016 19:22:22 GMT] [0] [browserification complete]
[1470684156207] [Mon, 08 Aug 2016 19:22:36 GMT] [0] [browserification complete]
[1470684974470] [Mon, 08 Aug 2016 19:36:14 GMT] [0] [browserification complete]
[1470684974472] [Mon, 08 Aug 2016 19:36:14 GMT] [0] [browserification complete]
[1470684974475] [Mon, 08 Aug 2016 19:36:14 GMT] [0] [browserification complete]
[1470685305135] [Mon, 08 Aug 2016 19:41:45 GMT] [0] [browserification complete]
[1470685305135] [Mon, 08 Aug 2016 19:41:45 GMT] [0] [browserification complete]
[1470685476913] [Mon, 08 Aug 2016 19:44:36 GMT] [0] [browserification complete]
[1470685633063] [Mon, 08 Aug 2016 19:47:13 GMT] [0] [browserification complete]
[1470685633063] [Mon, 08 Aug 2016 19:47:13 GMT] [0] [browserification complete]
[1470685769780] [Mon, 08 Aug 2016 19:49:29 GMT] [0] [browserification complete]
[1470685769861] [Mon, 08 Aug 2016 19:49:29 GMT] [0] [browserification complete]
[1470685772182] [Mon, 08 Aug 2016 19:49:32 GMT] [0] [browserification complete]
[1470685772884] [Mon, 08 Aug 2016 19:49:32 GMT] [0] [browserification complete]
[1470685772884] [Mon, 08 Aug 2016 19:49:32 GMT] [0] [browserification complete]
[1470685825901] [Mon, 08 Aug 2016 19:50:25 GMT] [0] [browserification complete]
[1470685825902] [Mon, 08 Aug 2016 19:50:25 GMT] [0] [browserification complete]
[1470685886593] [Mon, 08 Aug 2016 19:51:26 GMT] [0] [browserification complete]
[1470685886597] [Mon, 08 Aug 2016 19:51:26 GMT] [0] [browserification complete]
[1470686011302] [Mon, 08 Aug 2016 19:53:31 GMT] [0] [browserification complete]
[1470686011307] [Mon, 08 Aug 2016 19:53:31 GMT] [0] [browserification complete]
[1470686011701] [Mon, 08 Aug 2016 19:53:31 GMT] [0] [browserification complete]
[1470686037133] [Mon, 08 Aug 2016 19:53:57 GMT] [0] [browserification complete]
[1470686037133] [Mon, 08 Aug 2016 19:53:57 GMT] [0] [browserification complete]
[1470686050050] [Mon, 08 Aug 2016 19:54:10 GMT] [0] [browserification complete]
[1470686050052] [Mon, 08 Aug 2016 19:54:10 GMT] [0] [browserification complete]
[1470686050415] [Mon, 08 Aug 2016 19:54:10 GMT] [0] [browserification complete]
[1470686080517] [Mon, 08 Aug 2016 19:54:40 GMT] [0] [browserification complete]
[1470686080730] [Mon, 08 Aug 2016 19:54:40 GMT] [0] [browserification complete]
[1470686080731] [Mon, 08 Aug 2016 19:54:40 GMT] [0] [browserification complete]
[1470686200694] [Mon, 08 Aug 2016 19:56:40 GMT] [0] [browserification complete]
[1470686200695] [Mon, 08 Aug 2016 19:56:40 GMT] [0] [browserification complete]
[1470686302793] [Mon, 08 Aug 2016 19:58:22 GMT] [0] [browserification complete]
[1470686302976] [Mon, 08 Aug 2016 19:58:22 GMT] [0] [browserification complete]
[1470686302977] [Mon, 08 Aug 2016 19:58:22 GMT] [0] [browserification complete]
[1470686623847] [Mon, 08 Aug 2016 20:03:43 GMT] [0] [browserification complete]
[1470686623850] [Mon, 08 Aug 2016 20:03:43 GMT] [0] [browserification complete]
[1470686623848] [Mon, 08 Aug 2016 20:03:43 GMT] [0] [browserification complete]
[1470686748299] [Mon, 08 Aug 2016 20:05:48 GMT] [0] [browserification complete]
[1470687171115] [Mon, 08 Aug 2016 20:12:51 GMT] [0] [browserification complete]
[1470687171116] [Mon, 08 Aug 2016 20:12:51 GMT] [0] [browserification complete]
[1470687221291] [Mon, 08 Aug 2016 20:13:41 GMT] [0] [browserification complete]
[1470687253110] [Mon, 08 Aug 2016 20:14:13 GMT] [0] [browserification complete]
[1470687893730] [Mon, 08 Aug 2016 20:24:53 GMT] [0] [browserification complete]
[1470687994318] [Mon, 08 Aug 2016 20:26:34 GMT] [0] [browserification complete]
[1470687994320] [Mon, 08 Aug 2016 20:26:34 GMT] [0] [browserification complete]
[1470688461059] [Mon, 08 Aug 2016 20:34:21 GMT] [0] [browserification complete]
[1470688640737] [Mon, 08 Aug 2016 20:37:20 GMT] [0] [browserification complete]
[1470688640741] [Mon, 08 Aug 2016 20:37:20 GMT] [0] [browserification complete]
[1470688640958] [Mon, 08 Aug 2016 20:37:20 GMT] [0] [browserification complete]
[1470688803948] [Mon, 08 Aug 2016 20:40:03 GMT] [0] [browserification complete]
[1470688804176] [Mon, 08 Aug 2016 20:40:04 GMT] [0] [browserification complete]
[1470688804177] [Mon, 08 Aug 2016 20:40:04 GMT] [0] [browserification complete]
[1470688938370] [Mon, 08 Aug 2016 20:42:18 GMT] [0] [browserification complete]
[1470688938598] [Mon, 08 Aug 2016 20:42:18 GMT] [0] [browserification complete]
[1470688938602] [Mon, 08 Aug 2016 20:42:18 GMT] [0] [browserification complete]
[1470688993501] [Mon, 08 Aug 2016 20:43:13 GMT] [0] [Listening on port 8080]
[1470688995251] [Mon, 08 Aug 2016 20:43:15 GMT] [0] [browserification complete]
[1470689028795] [Mon, 08 Aug 2016 20:43:48 GMT] [0] [browserification complete]
[1470689028802] [Mon, 08 Aug 2016 20:43:48 GMT] [0] [browserification complete]
[1470689107716] [Mon, 08 Aug 2016 20:45:07 GMT] [0] [browserification complete]
[1470689107717] [Mon, 08 Aug 2016 20:45:07 GMT] [0] [browserification complete]
[1470689107717] [Mon, 08 Aug 2016 20:45:07 GMT] [0] [browserification complete]
[1470689138134] [Mon, 08 Aug 2016 20:45:38 GMT] [0] [browserification complete]
[1470689138135] [Mon, 08 Aug 2016 20:45:38 GMT] [0] [browserification complete]
[1470689293707] [Mon, 08 Aug 2016 20:48:13 GMT] [0] [browserification complete]
[1470689293711] [Mon, 08 Aug 2016 20:48:13 GMT] [0] [browserification complete]
[1470689293716] [Mon, 08 Aug 2016 20:48:13 GMT] [0] [browserification complete]
[1470689378932] [Mon, 08 Aug 2016 20:49:38 GMT] [0] [browserification complete]
[1470689378932] [Mon, 08 Aug 2016 20:49:38 GMT] [0] [browserification complete]
[1470689378936] [Mon, 08 Aug 2016 20:49:38 GMT] [0] [browserification complete]
[1470689602686] [Mon, 08 Aug 2016 20:53:22 GMT] [0] [browserification complete]
[1470689602926] [Mon, 08 Aug 2016 20:53:22 GMT] [0] [browserification complete]
[1470689646801] [Mon, 08 Aug 2016 20:54:06 GMT] [0] [browserification complete]
[1470689647141] [Mon, 08 Aug 2016 20:54:07 GMT] [0] [browserification complete]
[1470689666849] [Mon, 08 Aug 2016 20:54:26 GMT] [0] [browserification complete]
[1470689721236] [Mon, 08 Aug 2016 20:55:21 GMT] [0] [browserification complete]
[1470689721236] [Mon, 08 Aug 2016 20:55:21 GMT] [0] [browserification complete]
[1470690006216] [Mon, 08 Aug 2016 21:00:06 GMT] [0] [browserification complete]
[1470690006223] [Mon, 08 Aug 2016 21:00:06 GMT] [0] [browserification complete]
[1470690006221] [Mon, 08 Aug 2016 21:00:06 GMT] [0] [browserification complete]
[1470690048320] [Mon, 08 Aug 2016 21:00:48 GMT] [0] [browserification complete]
[1470690048328] [Mon, 08 Aug 2016 21:00:48 GMT] [0] [browserification complete]
[1470690048551] [Mon, 08 Aug 2016 21:00:48 GMT] [0] [browserification complete]
[1470690096406] [Mon, 08 Aug 2016 21:01:36 GMT] [0] [browserification complete]
[1470690163085] [Mon, 08 Aug 2016 21:02:43 GMT] [0] [browserification complete]
[1470690238275] [Mon, 08 Aug 2016 21:03:58 GMT] [0] [browserification complete]
[1470690238276] [Mon, 08 Aug 2016 21:03:58 GMT] [0] [browserification complete]
[1470690238757] [Mon, 08 Aug 2016 21:03:58 GMT] [0] [browserification complete]
[1470690283016] [Mon, 08 Aug 2016 21:04:43 GMT] [0] [browserification complete]
[1470690283172] [Mon, 08 Aug 2016 21:04:43 GMT] [0] [browserification complete]
[1470690316049] [Mon, 08 Aug 2016 21:05:16 GMT] [0] [browserification complete]
[1470690316348] [Mon, 08 Aug 2016 21:05:16 GMT] [0] [browserification complete]
[1470690554442] [Mon, 08 Aug 2016 21:09:14 GMT] [0] [browserification complete]
[1470690554442] [Mon, 08 Aug 2016 21:09:14 GMT] [0] [browserification complete]
[1470690587007] [Mon, 08 Aug 2016 21:09:47 GMT] [0] [browserification complete]
[1470690940410] [Mon, 08 Aug 2016 21:15:40 GMT] [0] [browserification complete]
[1470690940412] [Mon, 08 Aug 2016 21:15:40 GMT] [0] [browserification complete]
[1470690940412] [Mon, 08 Aug 2016 21:15:40 GMT] [0] [browserification complete]
[1470691143014] [Mon, 08 Aug 2016 21:19:03 GMT] [0] [browserification complete]
[1470691143018] [Mon, 08 Aug 2016 21:19:03 GMT] [0] [browserification complete]
[1470691162134] [Mon, 08 Aug 2016 21:19:22 GMT] [0] [browserification complete]
[1470691162134] [Mon, 08 Aug 2016 21:19:22 GMT] [0] [browserification complete]
[1470691190651] [Mon, 08 Aug 2016 21:19:50 GMT] [0] [browserification complete]
[1470691191012] [Mon, 08 Aug 2016 21:19:51 GMT] [0] [browserification complete]
[1470691241501] [Mon, 08 Aug 2016 21:20:41 GMT] [0] [browserification complete]
[1470691241501] [Mon, 08 Aug 2016 21:20:41 GMT] [0] [browserification complete]
[1470691241507] [Mon, 08 Aug 2016 21:20:41 GMT] [0] [browserification complete]
[1470699031399] [Mon, 08 Aug 2016 23:30:31 GMT] [0] [browserification complete]
[1470699094928] [Mon, 08 Aug 2016 23:31:34 GMT] [0] [browserification complete]
[1470699095260] [Mon, 08 Aug 2016 23:31:35 GMT] [0] [browserification complete]
[1470699184364] [Mon, 08 Aug 2016 23:33:04 GMT] [0] [browserification complete]
[1470699184525] [Mon, 08 Aug 2016 23:33:04 GMT] [0] [browserification complete]
[1470700521131] [Mon, 08 Aug 2016 23:55:21 GMT] [0] [browserification complete]
[1470700521132] [Mon, 08 Aug 2016 23:55:21 GMT] [0] [browserification complete]
[1470700533894] [Mon, 08 Aug 2016 23:55:33 GMT] [0] [browserification complete]
[1470700581508] [Mon, 08 Aug 2016 23:56:21 GMT] [0] [browserification complete]
[1470700592437] [Mon, 08 Aug 2016 23:56:32 GMT] [0] [browserification complete]
[1470700592438] [Mon, 08 Aug 2016 23:56:32 GMT] [0] [browserification complete]
[1470700632904] [Mon, 08 Aug 2016 23:57:12 GMT] [0] [browserification complete]
[1470700632904] [Mon, 08 Aug 2016 23:57:12 GMT] [0] [browserification complete]
[1470701403301] [Tue, 09 Aug 2016 00:10:03 GMT] [0] [browserification complete]
[1470701403301] [Tue, 09 Aug 2016 00:10:03 GMT] [0] [browserification complete]
[1470701403667] [Tue, 09 Aug 2016 00:10:03 GMT] [0] [browserification complete]
[1470701613487] [Tue, 09 Aug 2016 00:13:33 GMT] [0] [browserification complete]
[1470701613487] [Tue, 09 Aug 2016 00:13:33 GMT] [0] [browserification complete]
[1470701626015] [Tue, 09 Aug 2016 00:13:46 GMT] [0] [browserification complete]
[1470701626024] [Tue, 09 Aug 2016 00:13:46 GMT] [0] [browserification complete]
[1470701968318] [Tue, 09 Aug 2016 00:19:28 GMT] [0] [browserification complete]
[1470701968319] [Tue, 09 Aug 2016 00:19:28 GMT] [0] [browserification complete]
[1470702072913] [Tue, 09 Aug 2016 00:21:12 GMT] [0] [browserification complete]
[1470702073236] [Tue, 09 Aug 2016 00:21:13 GMT] [0] [browserification complete]
[1470702329897] [Tue, 09 Aug 2016 00:25:29 GMT] [0] [browserification complete]
[1470702395992] [Tue, 09 Aug 2016 00:26:35 GMT] [0] [browserification complete]
[1470702433641] [Tue, 09 Aug 2016 00:27:13 GMT] [0] [browserification complete]
[1470702433642] [Tue, 09 Aug 2016 00:27:13 GMT] [0] [browserification complete]
[1470702837581] [Tue, 09 Aug 2016 00:33:57 GMT] [0] [browserification complete]
[1470702871579] [Tue, 09 Aug 2016 00:34:31 GMT] [0] [browserification complete]
[1470702871580] [Tue, 09 Aug 2016 00:34:31 GMT] [0] [browserification complete]
[1470702899335] [Tue, 09 Aug 2016 00:34:59 GMT] [0] [browserification complete]
[1470702899338] [Tue, 09 Aug 2016 00:34:59 GMT] [0] [browserification complete]
[1470702929772] [Tue, 09 Aug 2016 00:35:29 GMT] [0] [browserification complete]
[1470702932074] [Tue, 09 Aug 2016 00:35:32 GMT] [0] [Listening on port 8080]
[1470702965536] [Tue, 09 Aug 2016 00:36:05 GMT] [0] [browserification complete]
[1470702965537] [Tue, 09 Aug 2016 00:36:05 GMT] [0] [browserification complete]
[1470703001115] [Tue, 09 Aug 2016 00:36:41 GMT] [0] [browserification complete]
[1470703042169] [Tue, 09 Aug 2016 00:37:22 GMT] [0] [browserification complete]
[1470703042172] [Tue, 09 Aug 2016 00:37:22 GMT] [0] [browserification complete]
[1470703051741] [Tue, 09 Aug 2016 00:37:31 GMT] [0] [browserification complete]
[1470703105778] [Tue, 09 Aug 2016 00:38:25 GMT] [0] [browserification complete]
[1470703106196] [Tue, 09 Aug 2016 00:38:26 GMT] [0] [browserification complete]
[1470703209018] [Tue, 09 Aug 2016 00:40:09 GMT] [0] [browserification complete]
[1470703244957] [Tue, 09 Aug 2016 00:40:44 GMT] [0] [browserification complete]
[1470703551678] [Tue, 09 Aug 2016 00:45:51 GMT] [0] [Listening on port 8080]
[1470703644398] [Tue, 09 Aug 2016 00:47:24 GMT] [0] [browserification complete]
[1470703644398] [Tue, 09 Aug 2016 00:47:24 GMT] [0] [browserification complete]
[1470703715131] [Tue, 09 Aug 2016 00:48:35 GMT] [0] [Listening on port 8080]
[1470703786173] [Tue, 09 Aug 2016 00:49:46 GMT] [0] [browserification complete]
[1470703786173] [Tue, 09 Aug 2016 00:49:46 GMT] [0] [browserification complete]
[1470704734254] [Tue, 09 Aug 2016 01:05:34 GMT] [0] [Listening on port 8080]
[1470704913351] [Tue, 09 Aug 2016 01:08:33 GMT] [0] [browserification complete]
[1470704913352] [Tue, 09 Aug 2016 01:08:33 GMT] [0] [browserification complete]
[1470704960421] [Tue, 09 Aug 2016 01:09:20 GMT] [0] [browserification complete]
[1470704960423] [Tue, 09 Aug 2016 01:09:20 GMT] [0] [browserification complete]
[1470704962326] [Tue, 09 Aug 2016 01:09:22 GMT] [0] [Listening on port 8080]
[1470705032679] [Tue, 09 Aug 2016 01:10:32 GMT] [0] [browserification complete]
[1470705032679] [Tue, 09 Aug 2016 01:10:32 GMT] [0] [browserification complete]
[1470705419306] [Tue, 09 Aug 2016 01:16:59 GMT] [0] [browserification complete]
[1470705419306] [Tue, 09 Aug 2016 01:16:59 GMT] [0] [browserification complete]
[1470705424029] [Tue, 09 Aug 2016 01:17:04 GMT] [0] [browserification complete]
[1470705424034] [Tue, 09 Aug 2016 01:17:04 GMT] [0] [browserification complete]
[1470705457409] [Tue, 09 Aug 2016 01:17:37 GMT] [0] [browserification complete]
[1470705457833] [Tue, 09 Aug 2016 01:17:37 GMT] [0] [browserification complete]
[1470705458046] [Tue, 09 Aug 2016 01:17:38 GMT] [0] [browserification complete]
[1470705458229] [Tue, 09 Aug 2016 01:17:38 GMT] [0] [browserification complete]
[1470705458229] [Tue, 09 Aug 2016 01:17:38 GMT] [0] [browserification complete]
[1470705458229] [Tue, 09 Aug 2016 01:17:38 GMT] [0] [browserification complete]
[1470705458673] [Tue, 09 Aug 2016 01:17:38 GMT] [0] [browserification complete]
[1470705508821] [Tue, 09 Aug 2016 01:18:28 GMT] [0] [Listening on port 8080]
[1470705614086] [Tue, 09 Aug 2016 01:20:14 GMT] [0] [browserification complete]
[1470705614448] [Tue, 09 Aug 2016 01:20:14 GMT] [0] [browserification complete]
[1470705614448] [Tue, 09 Aug 2016 01:20:14 GMT] [0] [browserification complete]
[1470705614560] [Tue, 09 Aug 2016 01:20:14 GMT] [0] [browserification complete]
[1470705614888] [Tue, 09 Aug 2016 01:20:14 GMT] [0] [browserification complete]
[1470705614896] [Tue, 09 Aug 2016 01:20:14 GMT] [0] [browserification complete]
[1470705614895] [Tue, 09 Aug 2016 01:20:14 GMT] [0] [browserification complete]
[1470705841643] [Tue, 09 Aug 2016 01:24:01 GMT] [0] [browserification complete]
[1470705842385] [Tue, 09 Aug 2016 01:24:02 GMT] [0] [browserification complete]
[1470705842738] [Tue, 09 Aug 2016 01:24:02 GMT] [0] [browserification complete]
[1470705843133] [Tue, 09 Aug 2016 01:24:03 GMT] [0] [browserification complete]
[1470705843422] [Tue, 09 Aug 2016 01:24:03 GMT] [0] [browserification complete]
[1470705843422] [Tue, 09 Aug 2016 01:24:03 GMT] [0] [browserification complete]
[1470705843422] [Tue, 09 Aug 2016 01:24:03 GMT] [0] [browserification complete]
[1470705843889] [Tue, 09 Aug 2016 01:24:03 GMT] [0] [browserification complete]
[1470705845908] [Tue, 09 Aug 2016 01:24:05 GMT] [0] [browserification complete]
[1470705847158] [Tue, 09 Aug 2016 01:24:07 GMT] [0] [browserification complete]
[1470705848854] [Tue, 09 Aug 2016 01:24:08 GMT] [0] [browserification complete]
[1470705870719] [Tue, 09 Aug 2016 01:24:30 GMT] [0] [browserification complete]
[1470705870720] [Tue, 09 Aug 2016 01:24:30 GMT] [0] [browserification complete]
[1470705871646] [Tue, 09 Aug 2016 01:24:31 GMT] [0] [Listening on port 8080]
[1470706249583] [Tue, 09 Aug 2016 01:30:49 GMT] [0] [browserification complete]
[1470706249881] [Tue, 09 Aug 2016 01:30:49 GMT] [0] [browserification complete]
[1470706249881] [Tue, 09 Aug 2016 01:30:49 GMT] [0] [browserification complete]
[1470706277578] [Tue, 09 Aug 2016 01:31:17 GMT] [0] [browserification complete]
[1470706277578] [Tue, 09 Aug 2016 01:31:17 GMT] [0] [browserification complete]
[1470706304829] [Tue, 09 Aug 2016 01:31:44 GMT] [0] [browserification complete]
[1470706304833] [Tue, 09 Aug 2016 01:31:44 GMT] [0] [browserification complete]
[1470706378292] [Tue, 09 Aug 2016 01:32:58 GMT] [0] [browserification complete]
[1470706378293] [Tue, 09 Aug 2016 01:32:58 GMT] [0] [browserification complete]
[1470706393826] [Tue, 09 Aug 2016 01:33:13 GMT] [0] [browserification complete]
[1470706394167] [Tue, 09 Aug 2016 01:33:14 GMT] [0] [browserification complete]
[1470706872075] [Tue, 09 Aug 2016 01:41:12 GMT] [0] [browserification complete]
[1470706872078] [Tue, 09 Aug 2016 01:41:12 GMT] [0] [browserification complete]
[1470706872330] [Tue, 09 Aug 2016 01:41:12 GMT] [0] [browserification complete]
[1470707922354] [Tue, 09 Aug 2016 01:58:42 GMT] [0] [browserification complete]
[1470707922356] [Tue, 09 Aug 2016 01:58:42 GMT] [0] [browserification complete]
[1470707958744] [Tue, 09 Aug 2016 01:59:18 GMT] [0] [browserification complete]
[1470707958745] [Tue, 09 Aug 2016 01:59:18 GMT] [0] [browserification complete]
[1470708000644] [Tue, 09 Aug 2016 02:00:00 GMT] [0] [browserification complete]
[1470708033575] [Tue, 09 Aug 2016 02:00:33 GMT] [0] [browserification complete]
[1470708033576] [Tue, 09 Aug 2016 02:00:33 GMT] [0] [browserification complete]
[1470708079173] [Tue, 09 Aug 2016 02:01:19 GMT] [0] [browserification complete]
[1470708079571] [Tue, 09 Aug 2016 02:01:19 GMT] [0] [browserification complete]
[1470709498444] [Tue, 09 Aug 2016 02:24:58 GMT] [0] [browserification complete]
[1470709498444] [Tue, 09 Aug 2016 02:24:58 GMT] [0] [browserification complete]
[1470709498444] [Tue, 09 Aug 2016 02:24:58 GMT] [0] [browserification complete]
[1470709505987] [Tue, 09 Aug 2016 02:25:05 GMT] [0] [browserification complete]
[1470709506498] [Tue, 09 Aug 2016 02:25:06 GMT] [0] [browserification complete]
[1470709902870] [Tue, 09 Aug 2016 02:31:42 GMT] [0] [browserification complete]
[1470709902881] [Tue, 09 Aug 2016 02:31:42 GMT] [0] [browserification complete]
[1470709914961] [Tue, 09 Aug 2016 02:31:54 GMT] [0] [Listening on port 8080]
[1470709961775] [Tue, 09 Aug 2016 02:32:41 GMT] [0] [browserification complete]
[1470709961775] [Tue, 09 Aug 2016 02:32:41 GMT] [0] [browserification complete]
[1470709969489] [Tue, 09 Aug 2016 02:32:49 GMT] [0] [browserification complete]
[1470709969489] [Tue, 09 Aug 2016 02:32:49 GMT] [0] [browserification complete]
[1470710059829] [Tue, 09 Aug 2016 02:34:19 GMT] [0] [browserification complete]
[1470710059834] [Tue, 09 Aug 2016 02:34:19 GMT] [0] [browserification complete]
[1470710059832] [Tue, 09 Aug 2016 02:34:19 GMT] [0] [browserification complete]
[1470710639815] [Tue, 09 Aug 2016 02:43:59 GMT] [0] [browserification complete]
[1470710640096] [Tue, 09 Aug 2016 02:44:00 GMT] [0] [browserification complete]
[1470711608007] [Tue, 09 Aug 2016 03:00:08 GMT] [0] [browserification complete]
[1470711608258] [Tue, 09 Aug 2016 03:00:08 GMT] [0] [browserification complete]
[1470713228164] [Tue, 09 Aug 2016 03:27:08 GMT] [0] [browserification complete]
[1470713228362] [Tue, 09 Aug 2016 03:27:08 GMT] [0] [browserification complete]
[1470713394942] [Tue, 09 Aug 2016 03:29:54 GMT] [0] [browserification complete]
[1470714308760] [Tue, 09 Aug 2016 03:45:08 GMT] [0] [browserification complete]
[1470714572020] [Tue, 09 Aug 2016 03:49:32 GMT] [0] [browserification complete]
[1470714602320] [Tue, 09 Aug 2016 03:50:02 GMT] [0] [browserification complete]
[1470714649931] [Tue, 09 Aug 2016 03:50:49 GMT] [0] [browserification complete]
[1470714970164] [Tue, 09 Aug 2016 03:56:10 GMT] [0] [browserification complete]
[1470715113380] [Tue, 09 Aug 2016 03:58:33 GMT] [0] [browserification complete]
[1470715172644] [Tue, 09 Aug 2016 03:59:32 GMT] [0] [browserification complete]
[1470715200715] [Tue, 09 Aug 2016 04:00:00 GMT] [0] [browserification complete]
[1470715342314] [Tue, 09 Aug 2016 04:02:22 GMT] [0] [browserification complete]
[1470715350762] [Tue, 09 Aug 2016 04:02:30 GMT] [0] [browserification complete]
[1470715459798] [Tue, 09 Aug 2016 04:04:19 GMT] [0] [browserification complete]
[1470715506840] [Tue, 09 Aug 2016 04:05:06 GMT] [0] [browserification complete]
[1470715578210] [Tue, 09 Aug 2016 04:06:18 GMT] [0] [browserification complete]
[1470715642045] [Tue, 09 Aug 2016 04:07:22 GMT] [0] [browserification complete]
[1470715764580] [Tue, 09 Aug 2016 04:09:24 GMT] [0] [browserification complete]
[1470715967035] [Tue, 09 Aug 2016 04:12:47 GMT] [0] [browserification complete]
[1470716009206] [Tue, 09 Aug 2016 04:13:29 GMT] [0] [browserification complete]
[1470716094649] [Tue, 09 Aug 2016 04:14:54 GMT] [0] [browserification complete]
[1470716305910] [Tue, 09 Aug 2016 04:18:25 GMT] [0] [browserification complete]
[1470716373367] [Tue, 09 Aug 2016 04:19:33 GMT] [0] [browserification complete]
[1470716430957] [Tue, 09 Aug 2016 04:20:30 GMT] [0] [browserification complete]
[1470716485230] [Tue, 09 Aug 2016 04:21:25 GMT] [0] [browserification complete]
[1470717388896] [Tue, 09 Aug 2016 04:36:28 GMT] [0] [browserification complete]
[1470717472711] [Tue, 09 Aug 2016 04:37:52 GMT] [0] [browserification complete]
