milliseconds;time;error;message
[1524622500719] [Wed, 25 Apr 2018 02:15:00 GMT] [0] [browserification complete: dev]
[1524622503737] [Wed, 25 Apr 2018 02:15:03 GMT] [0] [browserification complete: live]
[1524624567666] [Wed, 25 Apr 2018 02:49:27 GMT] [0] [browserification complete: dev]
[1524624570712] [Wed, 25 Apr 2018 02:49:30 GMT] [0] [browserification complete: live]
[1524625676101] [Wed, 25 Apr 2018 03:07:56 GMT] [0] [browserification complete: dev]
[1524625679706] [Wed, 25 Apr 2018 03:07:59 GMT] [0] [browserification complete: live]
[1524625893200] [Wed, 25 Apr 2018 03:11:33 GMT] [0] [browserification complete: dev]
[1524625897511] [Wed, 25 Apr 2018 03:11:37 GMT] [0] [browserification complete: live]
[1524625995257] [Wed, 25 Apr 2018 03:13:15 GMT] [0] [browserification complete: live]
[1524626031406] [Wed, 25 Apr 2018 03:13:51 GMT] [0] [browserification complete: dev]
[1524626035294] [Wed, 25 Apr 2018 03:13:55 GMT] [0] [browserification complete: live]
[1524626483003] [Wed, 25 Apr 2018 03:21:23 GMT] [0] [browserification complete: dev]
[1524626486955] [Wed, 25 Apr 2018 03:21:26 GMT] [0] [browserification complete: live]
[1527439630798] [Sun, 27 May 2018 16:47:10 GMT] [0] [browserification complete: dev]
[1527439634225] [Sun, 27 May 2018 16:47:14 GMT] [0] [browserification complete: live]
[1527439963772] [Sun, 27 May 2018 16:52:43 GMT] [0] [browserification complete: dev]
[1527439967295] [Sun, 27 May 2018 16:52:47 GMT] [0] [browserification complete: live]
[1527440311966] [Sun, 27 May 2018 16:58:31 GMT] [0] [browserification complete: dev]
[1527440315105] [Sun, 27 May 2018 16:58:35 GMT] [0] [browserification complete: live]
[1527440427093] [Sun, 27 May 2018 17:00:27 GMT] [0] [browserification complete: dev]
[1527440430296] [Sun, 27 May 2018 17:00:30 GMT] [0] [browserification complete: live]
[1527440522708] [Sun, 27 May 2018 17:02:02 GMT] [0] [browserification complete: dev]
[1527440526063] [Sun, 27 May 2018 17:02:06 GMT] [0] [browserification complete: live]
